2025-05-03 18:26:13,061 - INFO - X（Twitter）への投稿処理を開始します
2025-05-03 18:26:13,091 - WARNING - python-dotenv could not parse statement starting at line 17
2025-05-03 18:26:13,092 - WARNING - python-dotenv could not parse statement starting at line 18
2025-05-03 18:26:13,092 - WARNING - python-dotenv could not parse statement starting at line 19
2025-05-03 18:26:13,092 - WARNING - python-dotenv could not parse statement starting at line 20
2025-05-03 18:26:13,092 - WARNING - python-dotenv could not parse statement starting at line 21
2025-05-03 18:26:13,092 - WARNING - python-dotenv could not parse statement starting at line 22
2025-05-03 18:26:13,092 - WARNING - python-dotenv could not parse statement starting at line 23
2025-05-03 18:26:13,092 - WARNING - python-dotenv could not parse statement starting at line 24
2025-05-03 18:26:13,092 - WARNING - python-dotenv could not parse statement starting at line 25
2025-05-03 18:26:13,092 - WARNING - python-dotenv could not parse statement starting at line 26
2025-05-03 18:26:13,262 - INFO - 画像をダウンロードしました: temp_image.jpg
2025-05-03 18:26:13,689 - INFO - 画像のアップロードに成功しました
2025-05-03 18:26:14,050 - INFO - 投稿に成功しました！ Tweet ID: 1918597958679003511
2025-05-03 18:26:14,050 - INFO - 投稿内容: ✅1100円で味わえる極上の背徳感😍

#背徳感 #PR

https://al.dmm.co.jp/?lurl=https%3A%2F%2Fbook.dmm.co.jp%2Fproduct%2F6116532%2Fk187afrnt10894%2F&af_id=kntbouzu777-990&ch=api
2025-05-03 18:26:14,050 - INFO - 投稿履歴を保存しました
2025-05-03 18:26:14,050 - INFO - 投稿処理が完了しました
2025-05-03 18:33:26,408 - INFO - X（Twitter）への投稿処理を開始します
2025-05-03 18:33:26,442 - WARNING - python-dotenv could not parse statement starting at line 17
2025-05-03 18:33:26,442 - WARNING - python-dotenv could not parse statement starting at line 18
2025-05-03 18:33:26,442 - WARNING - python-dotenv could not parse statement starting at line 19
2025-05-03 18:33:26,442 - WARNING - python-dotenv could not parse statement starting at line 20
2025-05-03 18:33:26,442 - WARNING - python-dotenv could not parse statement starting at line 21
2025-05-03 18:33:26,442 - WARNING - python-dotenv could not parse statement starting at line 22
2025-05-03 18:33:26,442 - WARNING - python-dotenv could not parse statement starting at line 23
2025-05-03 18:33:26,442 - WARNING - python-dotenv could not parse statement starting at line 24
2025-05-03 18:33:26,442 - WARNING - python-dotenv could not parse statement starting at line 25
2025-05-03 18:33:26,442 - WARNING - python-dotenv could not parse statement starting at line 26
2025-05-03 18:33:26,563 - INFO - 画像をダウンロードしました: temp_image.jpg
2025-05-03 18:33:27,008 - INFO - 画像のアップロードに成功しました
2025-05-03 18:33:27,353 - INFO - 投稿に成功しました！ Tweet ID: 1918599776108781852
2025-05-03 18:33:27,353 - INFO - 投稿内容: これ街中の男を狩る…！

#背徳感 #PR

https://al.dmm.co.jp/?lurl=https%3A%2F%2Fbook.dmm.co.jp%2Fproduct%2F6116530%2Fk187afrnt10878%2F&af_id=kntbouzu777-990&ch=api
2025-05-03 18:33:27,354 - INFO - 投稿履歴を保存しました
2025-05-03 18:33:27,354 - INFO - 投稿処理が完了しました
2025-05-03 18:38:53,761 - INFO - X（Twitter）への投稿処理を開始します
2025-05-03 18:38:53,792 - WARNING - python-dotenv could not parse statement starting at line 17
2025-05-03 18:38:53,792 - WARNING - python-dotenv could not parse statement starting at line 18
2025-05-03 18:38:53,792 - WARNING - python-dotenv could not parse statement starting at line 19
2025-05-03 18:38:53,793 - WARNING - python-dotenv could not parse statement starting at line 20
2025-05-03 18:38:53,793 - WARNING - python-dotenv could not parse statement starting at line 21
2025-05-03 18:38:53,793 - WARNING - python-dotenv could not parse statement starting at line 22
2025-05-03 18:38:53,793 - WARNING - python-dotenv could not parse statement starting at line 23
2025-05-03 18:38:53,793 - WARNING - python-dotenv could not parse statement starting at line 24
2025-05-03 18:38:53,793 - WARNING - python-dotenv could not parse statement starting at line 25
2025-05-03 18:38:53,793 - WARNING - python-dotenv could not parse statement starting at line 26
2025-05-03 18:38:53,935 - INFO - 画像をダウンロードしました: temp_image.jpg
2025-05-03 18:38:54,383 - INFO - 画像のアップロードに成功しました
2025-05-03 18:38:54,720 - INFO - 投稿に成功しました！ Tweet ID: 1918601149252526212
2025-05-03 18:38:54,720 - INFO - 投稿内容: これ街中の男を狩る…！

#背徳感 #PR

https://al.dmm.co.jp/?lurl=https%3A%2F%2Fbook.dmm.co.jp%2Fproduct%2F6116530%2Fk187afrnt10878%2F&af_id=kntbouzu777-990&ch=api
2025-05-03 18:38:54,722 - INFO - 投稿履歴を保存しました
2025-05-03 18:38:54,722 - INFO - 投稿処理が完了しました
2025-05-03 19:47:56,330 - INFO - X（Twitter）への投稿処理を開始します
2025-05-03 19:47:56,370 - WARNING - python-dotenv could not parse statement starting at line 17
2025-05-03 19:47:56,370 - WARNING - python-dotenv could not parse statement starting at line 18
2025-05-03 19:47:56,371 - WARNING - python-dotenv could not parse statement starting at line 19
2025-05-03 19:47:56,371 - WARNING - python-dotenv could not parse statement starting at line 20
2025-05-03 19:47:56,371 - WARNING - python-dotenv could not parse statement starting at line 21
2025-05-03 19:47:56,371 - WARNING - python-dotenv could not parse statement starting at line 22
2025-05-03 19:47:56,371 - WARNING - python-dotenv could not parse statement starting at line 23
2025-05-03 19:47:56,371 - WARNING - python-dotenv could not parse statement starting at line 24
2025-05-03 19:47:56,371 - WARNING - python-dotenv could not parse statement starting at line 25
2025-05-03 19:47:56,371 - WARNING - python-dotenv could not parse statement starting at line 26
2025-05-03 19:47:56,480 - INFO - 画像をダウンロードしました: temp_image.jpg
2025-05-03 19:47:57,062 - INFO - 画像のアップロードに成功しました
2025-05-03 19:47:57,505 - INFO - 投稿に成功しました！ Tweet ID: 1918618525192843399
2025-05-03 19:47:57,505 - INFO - 投稿内容: 魅惑の田園ファンタジー【CGアートコレクション】…！😍

#TL #PR
https://al.dmm.co.jp/?lurl=https%3A%2F%2Fbook.dmm.co.jp%2Fproduct%2F6116528%2Fk187afrnt10910%2F&af_id=kntbouzu777-990&ch=api
2025-05-03 19:47:57,508 - INFO - 投稿履歴を保存しました
2025-05-03 19:47:57,508 - INFO - 投稿処理が完了しました
2025-05-03 19:53:35,923 - INFO - X（Twitter）への投稿処理を開始します
2025-05-03 19:53:35,957 - WARNING - python-dotenv could not parse statement starting at line 17
2025-05-03 19:53:35,958 - WARNING - python-dotenv could not parse statement starting at line 18
2025-05-03 19:53:35,958 - WARNING - python-dotenv could not parse statement starting at line 19
2025-05-03 19:53:35,958 - WARNING - python-dotenv could not parse statement starting at line 20
2025-05-03 19:53:35,958 - WARNING - python-dotenv could not parse statement starting at line 21
2025-05-03 19:53:35,958 - WARNING - python-dotenv could not parse statement starting at line 22
2025-05-03 19:53:35,958 - WARNING - python-dotenv could not parse statement starting at line 23
2025-05-03 19:53:35,958 - WARNING - python-dotenv could not parse statement starting at line 24
2025-05-03 19:53:35,958 - WARNING - python-dotenv could not parse statement starting at line 25
2025-05-03 19:53:35,958 - WARNING - python-dotenv could not parse statement starting at line 26
2025-05-03 19:53:36,111 - INFO - 画像をダウンロードしました: temp_image.jpg
2025-05-03 19:53:36,699 - INFO - 画像のアップロードに成功しました
2025-05-03 19:53:37,023 - INFO - 投稿に成功しました！ Tweet ID: 1918619949398139155
2025-05-03 19:53:37,023 - INFO - 投稿内容: 魅惑の田園ファンタジー【CGアートコレクション】…！😍

#TL #PR
https://al.dmm.co.jp/?lurl=https%3A%2F%2Fbook.dmm.co.jp%2Fproduct%2F6116528%2Fk187afrnt10910%2F&af_id=kntbouzu777-990&ch=api

Powered by FANZA Webサービス
2025-05-03 19:53:37,025 - INFO - 投稿履歴を保存しました
2025-05-03 19:53:37,026 - INFO - 投稿処理が完了しました
2025-05-03 20:32:08,400 - INFO - X（Twitter）への投稿処理を開始します
2025-05-03 20:32:08,433 - WARNING - python-dotenv could not parse statement starting at line 17
2025-05-03 20:32:08,433 - WARNING - python-dotenv could not parse statement starting at line 18
2025-05-03 20:32:08,434 - WARNING - python-dotenv could not parse statement starting at line 19
2025-05-03 20:32:08,434 - WARNING - python-dotenv could not parse statement starting at line 20
2025-05-03 20:32:08,434 - WARNING - python-dotenv could not parse statement starting at line 21
2025-05-03 20:32:08,434 - WARNING - python-dotenv could not parse statement starting at line 22
2025-05-03 20:32:08,434 - WARNING - python-dotenv could not parse statement starting at line 23
2025-05-03 20:32:08,434 - WARNING - python-dotenv could not parse statement starting at line 24
2025-05-03 20:32:08,434 - WARNING - python-dotenv could not parse statement starting at line 25
2025-05-03 20:32:08,434 - WARNING - python-dotenv could not parse statement starting at line 26
2025-05-03 20:32:08,434 - INFO - アフィリエイトURLのパラメータを置換しました
2025-05-03 20:32:08,580 - INFO - 画像をダウンロードしました: temp_image.jpg
2025-05-03 20:32:09,052 - INFO - 画像のアップロードに成功しました
2025-05-03 20:32:09,400 - INFO - 投稿に成功しました！ Tweet ID: 1918629648365457603
2025-05-03 20:32:09,400 - INFO - 投稿内容: 魅惑の田園ファンタジー【CGアートコレクション】…！😍

#TL #PR
https://al.dmm.co.jp/?lurl=https%3A%2F%2Fbook.dmm.co.jp%2Fproduct%2F6116528%2Fk187afrnt10910%2F&af_id=kntbouzu777-001&ch=toolbar&ch_id=link
2025-05-03 20:32:09,402 - INFO - 投稿履歴を保存しました
2025-05-03 20:32:09,402 - INFO - 投稿処理が完了しました
2025-05-03 20:57:04,860 - INFO - X（Twitter）への投稿処理を開始します
2025-05-03 20:57:04,892 - WARNING - python-dotenv could not parse statement starting at line 17
2025-05-03 20:57:04,892 - WARNING - python-dotenv could not parse statement starting at line 18
2025-05-03 20:57:04,892 - WARNING - python-dotenv could not parse statement starting at line 19
2025-05-03 20:57:04,892 - WARNING - python-dotenv could not parse statement starting at line 20
2025-05-03 20:57:04,892 - WARNING - python-dotenv could not parse statement starting at line 21
2025-05-03 20:57:04,892 - WARNING - python-dotenv could not parse statement starting at line 22
2025-05-03 20:57:04,892 - WARNING - python-dotenv could not parse statement starting at line 23
2025-05-03 20:57:04,892 - WARNING - python-dotenv could not parse statement starting at line 24
2025-05-03 20:57:04,892 - WARNING - python-dotenv could not parse statement starting at line 25
2025-05-03 20:57:04,893 - WARNING - python-dotenv could not parse statement starting at line 26
2025-05-03 20:57:04,893 - INFO - アフィリエイトURLのパラメータを置換しました
2025-05-03 20:57:05,185 - INFO - 投稿に成功しました！ Tweet ID: 1918635922536763902
2025-05-03 20:57:05,186 - INFO - 投稿内容: これ超合本シリーズ モザイク版…！

#BL #PR
https://al.dmm.co.jp/?lurl=https%3A%2F%2Fbook.dmm.co.jp%2Fproduct%2F6112294%2Fk187afrnt10896%2F&af_id=kntbouzu777-001&ch=toolbar&ch_id=link
2025-05-03 20:57:05,188 - INFO - 投稿履歴を保存しました
2025-05-03 20:57:05,188 - INFO - 投稿処理が完了しました
2025-05-03 13:41:34,082 - INFO - X（Twitter）への投稿処理を開始します
2025-05-03 13:41:34,108 - INFO - アフィリエイトURLのパラメータを置換しました
2025-05-03 13:41:34,350 - INFO - 投稿に成功しました！ Tweet ID: 1918662217114763721
2025-05-03 13:41:34,350 - INFO - 投稿内容: 私の理性が崩壊しそう…こんな濃厚な展開ヤバすぎ💦…！

#人気 #PR
https://al.dmm.co.jp/?lurl=https%3A%2F%2Fbook.dmm.co.jp%2Fproduct%2F594112%2Fb866afgwi01845%2F&af_id=kntbouzu777-001&ch=toolbar&ch_id=link
2025-05-03 13:41:34,350 - INFO - 投稿履歴を保存しました
2025-05-03 13:41:34,351 - INFO - 投稿処理が完了しました
2025-05-03 14:08:34,810 - INFO - X（Twitter）への投稿処理を開始します
2025-05-03 14:08:34,811 - WARNING - 過去7日以内に同じタイトルの投稿があります: アナンガ・ランガ Vol.119
2025-05-03 14:08:34,812 - WARNING - 過去7日以内に同じタイトルの投稿があるため、処理を中止します
2025-05-03 14:16:11,733 - INFO - X（Twitter）への投稿処理を開始します
2025-05-03 14:16:11,736 - WARNING - 過去7日以内に同じタイトルの投稿があります: アナンガ・ランガ Vol.119
2025-05-03 14:16:11,736 - WARNING - 過去7日以内に同じタイトルの投稿があるため、処理を中止します
2025-05-03 15:18:11,414 - INFO - X（Twitter）への投稿処理を開始します
2025-05-03 15:18:11,416 - WARNING - 過去7日以内に同じタイトルの投稿があります: アナンガ・ランガ Vol.119
2025-05-03 15:18:11,416 - WARNING - 過去7日以内に同じタイトルの投稿があるため、処理を中止します
2025-05-03 15:52:23,206 - INFO - X（Twitter）への投稿処理を開始します
2025-05-03 15:52:23,505 - INFO - 投稿に成功しました！ Tweet ID: 1918695138806939858
2025-05-03 15:52:23,505 - INFO - 投稿内容: 自分的には見てるだけで羨ましすぎる…最高かよ😍…！

#マンガ #PR
https://al.dmm.co.jp/?lurl=https%3A%2F%2Fbook.dmm.co.jp%2Fproduct%2F6064984%2Fb401btmep13372%2F&af_id=kntbouzu777-990&ch=api
2025-05-03 15:52:23,506 - INFO - 投稿履歴を保存しました
2025-05-03 15:52:23,506 - INFO - 投稿処理が完了しました
2025-05-03 16:54:20,583 - INFO - すべての必須環境変数が設定されています。処理を続行します。
2025-05-03 16:54:20,583 - INFO - X（Twitter）への投稿処理を開始します
2025-05-03 16:54:20,585 - WARNING - 過去7日以内に同じタイトルの投稿があります: いもうとはGALかわいいシリーズ
2025-05-03 16:54:20,585 - WARNING - 過去7日以内に同じタイトルの投稿があるため、処理を中止します
2025-05-03 17:04:37,093 - INFO - すべての必須環境変数が設定されています。処理を続行します。
2025-05-03 17:04:37,093 - INFO - X（Twitter）への投稿処理を開始します
2025-05-03 17:04:37,120 - INFO - アフィリエイトURLのパラメータを置換しました（環境変数使用）
2025-05-03 17:04:37,328 - INFO - 投稿に成功しました！ Tweet ID: 1918713316194517416
2025-05-03 17:04:37,328 - INFO - 投稿内容: 俺これヤ…！😳

#エッチ #PR
https://al.dmm.co.jp/?lurl=https%3A%2F%2Fbook.dmm.co.jp%2Fproduct%2F6116548%2Fs594allud00789%2F&af_id=kntbouzu777-001&ch=toolbar&ch_id=link
2025-05-03 17:04:37,328 - INFO - 投稿履歴を保存しました
2025-05-03 17:04:37,328 - INFO - 投稿処理が完了しました
2025-05-03 17:16:25,561 - INFO - すべての必須環境変数が設定されています。処理を続行します。
2025-05-03 17:16:25,561 - INFO - X（Twitter）への投稿処理を開始します
2025-05-03 17:16:25,592 - INFO - アフィリエイトURLのパラメータを置換しました（環境変数使用）
2025-05-03 17:16:25,858 - INFO - 投稿に成功しました！ Tweet ID: 1918716287984849069
2025-05-03 17:16:25,858 - INFO - 投稿内容: 私的に新…！💦

#妄想 #PR
https://al.dmm.co.jp/?lurl=https%3A%2F%2Fbook.dmm.co.jp%2Fproduct%2F6116547%2Fs594allud00793%2F&af_id=kntbouzu777-001&ch=toolbar&ch_id=link
2025-05-03 17:16:25,859 - INFO - 投稿履歴を保存しました
2025-05-03 17:16:25,859 - INFO - 投稿処理が完了しました
2025-05-04 10:43:21,870 - INFO - すべての必須環境変数が設定されています。処理を続行します。
2025-05-04 10:43:21,870 - INFO - X（Twitter）への投稿処理を開始します
2025-05-04 10:43:21,896 - INFO - アフィリエイトURLのパラメータを置換しました（環境変数使用）
2025-05-04 10:43:22,210 - INFO - 投稿に成功しました！ Tweet ID: 1918979758869668044
2025-05-04 10:43:22,210 - INFO - 投稿内容: 俺的にえ…！😳

#ハーレム #PR
https://al.dmm.co.jp/?lurl=https%3A%2F%2Fbook.dmm.co.jp%2Fproduct%2F6104965%2Fk178adrrn01935%2F&af_id=kntbouzu777-001&ch=toolbar&ch_id=link
2025-05-04 10:43:22,210 - INFO - 投稿履歴を保存しました
2025-05-04 10:43:22,210 - INFO - 投稿処理が完了しました
2025-05-04 15:18:10,584 - INFO - すべての必須環境変数が設定されています。処理を続行します。
2025-05-04 15:18:10,584 - INFO - X（Twitter）への投稿処理を開始します
2025-05-04 15:18:10,585 - WARNING - 過去7日以内に同じタイトルの投稿があります: いもうとはGALかわいいシリーズ
2025-05-04 15:18:10,585 - WARNING - 過去7日以内に同じタイトルの投稿があるため、処理を中止します
2025-05-04 17:16:23,421 - INFO - すべての必須環境変数が設定されています。処理を続行します。
2025-05-04 17:16:23,421 - INFO - X（Twitter）への投稿処理を開始します
2025-05-04 17:16:23,448 - INFO - アフィリエイトURLのパラメータを置換しました（環境変数使用）
2025-05-04 17:16:23,649 - INFO - 投稿に成功しました！ Tweet ID: 1919078666602258610
2025-05-04 17:16:23,650 - INFO - 投稿内容: めっちゃヤバい…メガネの子がイキそうな顔してる…背徳感すごい…羨ましすぎる…😳

#エッチ #PR
https://al.dmm.co.jp/?lurl=https%3A%2F%2Fbook.dmm.co.jp%2Fproduct%2F6116549%2Fs594allud00799%2F&af_id=kntbouzu777-001&ch=toolbar&ch_id=link
2025-05-04 17:16:23,650 - INFO - 投稿履歴を保存しました
2025-05-04 17:16:23,650 - INFO - 投稿処理が完了しました
2025-05-05 03:55:01,195 - INFO - すべての必須環境変数が設定されています。処理を続行します。
2025-05-05 03:55:01,195 - INFO - X（Twitter）への投稿処理を開始します
2025-05-05 03:55:01,229 - INFO - アフィリエイトURLのパラメータを置換しました（環境変数使用）
2025-05-05 03:55:01,424 - INFO - 投稿に成功しました！ Tweet ID: 1919239382998913342
2025-05-05 03:55:01,424 - INFO - 投稿内容: ](#) 全裸の美女たちに囲まれてる…ヤバすぎるだろ…羨ましすぎて泣ける😭 背徳感がすごい…！🔥

#ハーレム #PR
https://al.dmm.co.jp/?lurl=https%3A%2F%2Fbook.dmm.co.jp%2Fproduct%2F6104975%2Fk178adrrn01926%2F&af_id=kntbouzu777-001&ch=toolbar&ch_id=link
2025-05-05 03:55:01,425 - INFO - 投稿履歴を保存しました
2025-05-05 03:55:01,425 - INFO - 投稿処理が完了しました
2025-05-05 12:19:44,748 - INFO - すべての必須環境変数が設定されています。処理を続行します。
2025-05-05 12:19:44,749 - INFO - X（Twitter）への投稿処理を開始します
2025-05-05 12:19:44,775 - INFO - アフィリエイトURLのパラメータを置換しました（環境変数使用）
2025-05-05 12:19:45,032 - INFO - 投稿に成功しました！ Tweet ID: 1919366401631953285
2025-05-05 12:19:45,032 - INFO - 投稿内容: いや、これマジでヤバい…😳 童貞でも復讐できるって…背徳感すごすぎw 羨ましい！

#ハーレム #PR
https://al.dmm.co.jp/?lurl=https%3A%2F%2Fbook.dmm.co.jp%2Fproduct%2F6104971%2Fk178adrrn01939%2F&af_id=kntbouzu777-001&ch=toolbar&ch_id=link
2025-05-05 12:19:45,033 - INFO - 投稿履歴を保存しました
2025-05-05 12:19:45,033 - INFO - 投稿処理が完了しました
2025-05-05 14:43:54,240 - INFO - すべての必須環境変数が設定されています。処理を続行します。
2025-05-05 14:43:54,240 - INFO - X（Twitter）への投稿処理を開始します
2025-05-05 14:43:54,281 - INFO - アフィリエイトURLのパラメータを置換しました（環境変数使用）
2025-05-05 14:43:54,511 - INFO - 投稿に成功しました！ Tweet ID: 1919402680167837970
2025-05-05 14:43:54,511 - INFO - 投稿内容: ヤバ…人妻と娘を同時に堕とすとか背徳感ヤバすぎだろ…😳 俺もこんな家賃払いたいっす…羨ましすぎる！🔥

#BL #PR
https://al.dmm.co.jp/?lurl=https%3A%2F%2Fbook.dmm.co.jp%2Fproduct%2F6104969%2Fk178adrrn01938%2F&af_id=kntbouzu777-001&ch=toolbar&ch_id=link
2025-05-05 14:43:54,511 - INFO - 投稿履歴を保存しました
2025-05-05 14:43:54,511 - INFO - 投稿処理が完了しました
2025-05-06 03:52:19,733 - INFO - すべての必須環境変数が設定されています。処理を続行します。
2025-05-06 03:52:19,734 - INFO - X（Twitter）への投稿処理を開始します
2025-05-06 03:52:19,735 - WARNING - 過去7日以内に同じタイトルの投稿があります: ネトラレハーレム
2025-05-06 03:52:19,735 - WARNING - 過去7日以内に同じタイトルの投稿があるため、処理を中止します
2025-05-06 12:21:40,750 - INFO - すべての必須環境変数が設定されています。処理を続行します。
2025-05-06 12:21:40,750 - INFO - X（Twitter）への投稿処理を開始します
2025-05-06 12:21:40,752 - WARNING - 過去7日以内に同じタイトルの投稿があります: いもうとはGALかわいいシリーズ
2025-05-06 12:21:40,752 - WARNING - 過去7日以内に同じタイトルの投稿があるため、処理を中止します
2025-05-06 14:43:51,109 - INFO - すべての必須環境変数が設定されています。処理を続行します。
2025-05-06 14:43:51,109 - INFO - X（Twitter）への投稿処理を開始します
2025-05-06 14:43:51,110 - WARNING - 過去7日以内に同じタイトルの投稿があります: いもうとはGALかわいいシリーズ
2025-05-06 14:43:51,110 - WARNING - 過去7日以内に同じタイトルの投稿があるため、処理を中止します
2025-05-07 03:54:11,769 - INFO - すべての必須環境変数が設定されています。処理を続行します。
2025-05-07 03:54:11,769 - INFO - X（Twitter）への投稿処理を開始します
2025-05-07 03:54:11,800 - INFO - アフィリエイトURLのパラメータを置換しました（環境変数使用）
2025-05-07 03:54:12,042 - INFO - 投稿に成功しました！ Tweet ID: 1919963951577665608
2025-05-07 03:54:12,042 - INFO - 投稿内容: ヤバ…淫果の新作きた！姦獄の女殺し屋って背徳感ハンパない…😳 自分もう我慢できねぇ…即買い必須だろこれ…🔥

#成人向け #PR
https://al.dmm.co.jp/?lurl=https%3A%2F%2Fbook.dmm.co.jp%2Fproduct%2F6119796%2Fs046agnss00660%2F&af_id=kntbouzu777-001&ch=toolbar&ch_id=link
2025-05-07 03:54:12,043 - INFO - 投稿履歴を保存しました
2025-05-07 03:54:12,043 - INFO - 投稿処理が完了しました
2025-05-07 12:20:38,872 - INFO - すべての必須環境変数が設定されています。処理を続行します。
2025-05-07 12:20:38,872 - INFO - X（Twitter）への投稿処理を開始します
2025-05-07 12:20:38,932 - INFO - アフィリエイトURLのパラメータを置換しました（環境変数使用）
2025-05-07 12:20:39,181 - INFO - 投稿に成功しました！ Tweet ID: 1920091404367167943
2025-05-07 12:20:39,181 - INFO - 投稿内容: 屈辱シリーズ新作きた…！これ見た瞬間ドキドキ止まんねぇ😳 背徳感ヤバすぎて震えるわ…買うしかないじゃん！🔥

#美少女 #PR
https://al.dmm.co.jp/?lurl=https%3A%2F%2Fbook.dmm.co.jp%2Fproduct%2F6064986%2Fb401btmep13375%2F&af_id=kntbouzu777-001&ch=toolbar&ch_id=link
2025-05-07 12:20:39,182 - INFO - 投稿履歴を保存しました
2025-05-07 12:20:39,182 - INFO - 投稿処理が完了しました
2025-05-07 14:44:36,917 - INFO - すべての必須環境変数が設定されています。処理を続行します。
2025-05-07 14:44:36,917 - INFO - X（Twitter）への投稿処理を開始します
2025-05-07 14:44:36,957 - INFO - アフィリエイトURLのパラメータを置換しました（環境変数使用）
2025-05-07 14:44:37,186 - INFO - 投稿に成功しました！ Tweet ID: 1920127634832294077
2025-05-07 14:44:37,186 - INFO - 投稿内容: で買えるなんてヤバすぎる…😳 女の子になる瞬間が背徳感すごい！ 羨ましすぎて震える…🔥

#熱い #PR
https://al.dmm.co.jp/?lurl=https%3A%2F%2Fbook.dmm.co.jp%2Fproduct%2F6109841%2Fk574acmds00780%2F&af_id=kntbouzu777-001&ch=toolbar&ch_id=link
2025-05-07 14:44:37,187 - INFO - 投稿履歴を保存しました
2025-05-07 14:44:37,187 - INFO - 投稿処理が完了しました
2025-05-08 03:54:12,944 - INFO - すべての必須環境変数が設定されています。処理を続行します。
2025-05-08 03:54:12,944 - INFO - X（Twitter）への投稿処理を開始します
2025-05-08 03:54:12,970 - INFO - アフィリエイトURLのパラメータを置換しました（環境変数使用）
2025-05-08 03:54:13,240 - INFO - 投稿に成功しました！ Tweet ID: 1920326344489009172
2025-05-08 03:54:13,240 - INFO - 投稿内容: umenen女子たちとハーレム生活…ヤバすぎる😳 羨ましすぎて震える…！

#ハーレム #PR
https://al.dmm.co.jp/?lurl=https%3A%2F%2Fbook.dmm.co.jp%2Fproduct%2F6106039%2Fk178adrrn01943%2F&af_id=kntbouzu777-001&ch=toolbar&ch_id=link
2025-05-08 03:54:13,241 - INFO - 投稿履歴を保存しました
2025-05-08 03:54:13,241 - INFO - 投稿処理が完了しました
2025-05-08 12:19:44,449 - INFO - すべての必須環境変数が設定されています。処理を続行します。
2025-05-08 12:19:44,449 - INFO - X（Twitter）への投稿処理を開始します
2025-05-08 12:19:44,480 - INFO - アフィリエイトURLのパラメータを置換しました（環境変数使用）
2025-05-08 12:19:44,722 - INFO - 投稿に成功しました！ Tweet ID: 1920453563899150548
2025-05-08 12:19:44,722 - INFO - 投稿内容: ']でこんなの買えちゃうの？装煌聖姫イースフィア…ヤバすぎる…背徳感がすごい…羨ましい！😳🔥

#読書 #PR
https://al.dmm.co.jp/?lurl=https%3A%2F%2Fbook.dmm.co.jp%2Fproduct%2F6064983%2Fb401btmep13385%2F&af_id=kntbouzu777-001&ch=toolbar&ch_id=link
2025-05-08 12:19:44,722 - INFO - 投稿履歴を保存しました
2025-05-08 12:19:44,722 - INFO - 投稿処理が完了しました
2025-05-08 14:43:06,585 - INFO - すべての必須環境変数が設定されています。処理を続行します。
2025-05-08 14:43:06,585 - INFO - X（Twitter）への投稿処理を開始します
2025-05-08 14:43:06,616 - INFO - アフィリエイトURLのパラメータを置換しました（環境変数使用）
2025-05-08 14:43:06,976 - INFO - 投稿に成功しました！ Tweet ID: 1920489644309033054
2025-05-08 14:43:06,976 - INFO - 投稿内容: 新刊ゲットした！コミックホットミルク6月号…表紙からヤバい😳 背徳感たっぷりで興奮しちゃう！みんなも買わなきゃ損だよ🔥

#ギャル #PR
https://al.dmm.co.jp/?lurl=https%3A%2F%2Fbook.dmm.co.jp%2Fproduct%2F13806%2Fs011akamj02454%2F&af_id=kntbouzu777-001&ch=toolbar&ch_id=link
2025-05-08 14:43:06,977 - INFO - 投稿履歴を保存しました
2025-05-08 14:43:06,977 - INFO - 投稿処理が完了しました
2025-05-09 03:53:23,604 - INFO - すべての必須環境変数が設定されています。処理を続行します。
2025-05-09 03:53:23,604 - INFO - X（Twitter）への投稿処理を開始します
2025-05-09 03:53:23,637 - INFO - アフィリエイトURLのパラメータを置換しました（環境変数使用）
2025-05-09 03:53:23,889 - INFO - 投稿に成功しました！ Tweet ID: 1920688525365670031
2025-05-09 03:53:23,889 - INFO - 投稿内容: プラトニック破壊指令完全版きた…！これマジでヤバすぎるやつだろ…背徳感ハンパない😳 早く見たいんだけど羨ましすぎて震える🔥

#成人向け #PR
https://al.dmm.co.jp/?lurl=https%3A%2F%2Fbook.dmm.co.jp%2Fproduct%2F6113324%2Fb404adit09170%2F&af_id=kntbouzu777-001&ch=toolbar&ch_id=link
2025-05-09 03:53:23,889 - INFO - 投稿履歴を保存しました
2025-05-09 03:53:23,890 - INFO - 投稿処理が完了しました
2025-05-09 12:19:22,978 - INFO - すべての必須環境変数が設定されています。処理を続行します。
2025-05-09 12:19:22,978 - INFO - X（Twitter）への投稿処理を開始します
2025-05-09 12:19:23,018 - INFO - アフィリエイトURLのパラメータを置換しました（環境変数使用）
2025-05-09 12:19:23,252 - INFO - 投稿に成功しました！ Tweet ID: 1920815861712978257
2025-05-09 12:19:23,252 - INFO - 投稿内容: 梭哈了這本新作…背德感爆棚的劇情太刺激了w 完全停不下來啊🔥

#成人向け #PR
https://al.dmm.co.jp/?lurl=https%3A%2F%2Fbook.dmm.co.jp%2Fproduct%2F6113323%2Fb404adit09137%2F&af_id=kntbouzu777-001&ch=toolbar&ch_id=link
2025-05-09 12:19:23,253 - INFO - 投稿履歴を保存しました
2025-05-09 12:19:23,253 - INFO - 投稿処理が完了しました
2025-05-09 14:42:08,053 - INFO - すべての必須環境変数が設定されています。処理を続行します。
2025-05-09 14:42:08,053 - INFO - X（Twitter）への投稿処理を開始します
2025-05-09 14:42:08,081 - INFO - アフィリエイトURLのパラメータを置換しました（環境変数使用）
2025-05-09 14:42:08,334 - INFO - 投稿に成功しました！ Tweet ID: 1920851786279031162
2025-05-09 14:42:08,335 - INFO - 投稿内容: 人妻の誘い…もう我慢できない！熟れたボディがヤバすぎる…🔥 背徳感マックスで興奮しちゃう…！😳 でこれ…羨ましいだろ！

#興奮 #PR
https://al.dmm.co.jp/?lurl=https%3A%2F%2Fbook.dmm.co.jp%2Fproduct%2F6113322%2Fb404adit09126%2F&af_id=kntbouzu777-001&ch=toolbar&ch_id=link
2025-05-09 14:42:08,335 - INFO - 投稿履歴を保存しました
2025-05-09 14:42:08,336 - INFO - 投稿処理が完了しました
2025-05-10 10:43:35,124 - INFO - すべての必須環境変数が設定されています。処理を続行します。
2025-05-10 10:43:35,124 - INFO - X（Twitter）への投稿処理を開始します
2025-05-10 10:43:35,154 - INFO - アフィリエイトURLのパラメータを置換しました（環境変数使用）
2025-05-10 10:43:35,410 - INFO - 投稿に成功しました！ Tweet ID: 1921154141264769320
2025-05-10 10:43:35,410 - INFO - 投稿内容: えっ…いなばのエロ兎がモザイク版で来た！？🥵 1って安すぎて逆にヤバい…絶対買いだろこれ…背徳感ハンパないっす🔥

#TL #PR
https://al.dmm.co.jp/?lurl=https%3A%2F%2Fbook.dmm.co.jp%2Fproduct%2F6123476%2Fk187afrnt10981%2F&af_id=kntbouzu777-001&ch=toolbar&ch_id=link
2025-05-10 10:43:35,411 - INFO - 投稿履歴を保存しました
2025-05-10 10:43:35,411 - INFO - 投稿処理が完了しました
2025-05-10 15:18:17,519 - INFO - すべての必須環境変数が設定されています。処理を続行します。
2025-05-10 15:18:17,519 - INFO - X（Twitter）への投稿処理を開始します
2025-05-10 15:18:17,546 - INFO - アフィリエイトURLのパラメータを置換しました（環境変数使用）
2025-05-10 15:18:17,844 - INFO - 投稿に成功しました！ Tweet ID: 1921223273653620930
2025-05-10 15:18:17,844 - INFO - 投稿内容: あっ…サキュバス彼女とイチャイチャできるとかマジで羨ましすぎるだろ…！😳 背徳感ヤバい…モザイク版でも十分すぎる…買うしかない🔥

#フェチ #PR
https://al.dmm.co.jp/?lurl=https%3A%2F%2Fbook.dmm.co.jp%2Fproduct%2F6123475%2Fk187afrnt10977%2F&af_id=kntbouzu777-001&ch=toolbar&ch_id=link
2025-05-10 15:18:17,845 - INFO - 投稿履歴を保存しました
2025-05-10 15:18:17,845 - INFO - 投稿処理が完了しました
2025-05-10 17:15:57,205 - INFO - すべての必須環境変数が設定されています。処理を続行します。
2025-05-10 17:15:57,205 - INFO - X（Twitter）への投稿処理を開始します
2025-05-10 17:15:57,232 - INFO - アフィリエイトURLのパラメータを置換しました（環境変数使用）
2025-05-10 17:15:57,566 - INFO - 投稿に成功しました！ Tweet ID: 1921252884324204864
2025-05-10 17:15:57,566 - INFO - 投稿内容: ヤバ…このヒロイン悪堕ちCG集まじで背徳感ヤバすぎない⁉️ 自分も孕まされそうで震えたわ…😳🔥 モザありでもエロ過ぎてやばい…w

#ファンタジー #PR
https://al.dmm.co.jp/?lurl=https%3A%2F%2Fbook.dmm.co.jp%2Fproduct%2F6123474%2Fk187afrnt10986%2F&af_id=kntbouzu777-001&ch=toolbar&ch_id=link
2025-05-10 17:15:57,567 - INFO - 投稿履歴を保存しました
2025-05-10 17:15:57,567 - INFO - 投稿処理が完了しました
2025-05-11 10:42:50,003 - INFO - すべての必須環境変数が設定されています。処理を続行します。
2025-05-11 10:42:50,003 - INFO - X（Twitter）への投稿処理を開始します
2025-05-11 10:42:50,005 - WARNING - 過去7日以内に同じタイトルの投稿があります: 麗しき魔法●●諸君、孕め。 〜快感に浸して悪落ちヒロイン完成！！〜【CG集コレクション】 モザイク版
2025-05-11 10:42:50,005 - WARNING - 過去7日以内に同じタイトルの投稿があるため、処理を中止します
2025-05-11 15:17:58,696 - INFO - すべての必須環境変数が設定されています。処理を続行します。
2025-05-11 15:17:58,696 - INFO - X（Twitter）への投稿処理を開始します
2025-05-11 15:17:58,729 - INFO - アフィリエイトURLのパラメータを置換しました（環境変数使用）
2025-05-11 15:17:58,969 - INFO - 投稿に成功しました！ Tweet ID: 1921585582414725209
2025-05-11 15:17:58,969 - INFO - 投稿内容: ヤバ…家に妖狐が押しかけてきてモフモフされるとか羨ましすぎだろ…！🥵 イチャイチャセラピー受け放題とか俺もやりてえ…😍

#ハーレム #PR
https://al.dmm.co.jp/?lurl=https%3A%2F%2Fbook.dmm.co.jp%2Fproduct%2F6123473%2Fk187afrnt11012%2F&af_id=kntbouzu777-001&ch=toolbar&ch_id=link
2025-05-11 15:17:58,970 - INFO - 投稿履歴を保存しました
2025-05-11 15:17:58,970 - INFO - 投稿処理が完了しました
2025-05-11 17:16:39,949 - INFO - すべての必須環境変数が設定されています。処理を続行します。
2025-05-11 17:16:39,949 - INFO - X（Twitter）への投稿処理を開始します
2025-05-11 17:16:39,983 - INFO - アフィリエイトURLのパラメータを置換しました（環境変数使用）
2025-05-11 17:16:40,208 - INFO - 投稿に成功しました！ Tweet ID: 1921615451093954858
2025-05-11 17:16:40,208 - INFO - 投稿内容: ねーちゃんの淫穴レベルアップしすぎてヤバい…廃人ゲーマーが黒ギャルに堕ちるなんて背徳感すごいw羨ましすぎるだろ😳

#美少女 #PR
https://al.dmm.co.jp/?lurl=https%3A%2F%2Fbook.dmm.co.jp%2Fproduct%2F6123471%2Fk187afrnt11008%2F&af_id=kntbouzu777-001&ch=toolbar&ch_id=link
2025-05-11 17:16:40,209 - INFO - 投稿履歴を保存しました
2025-05-11 17:16:40,209 - INFO - 投稿処理が完了しました
2025-05-12 03:56:31,806 - INFO - すべての必須環境変数が設定されています。処理を続行します。
2025-05-12 03:56:31,806 - INFO - X（Twitter）への投稿処理を開始します
2025-05-12 03:56:31,808 - WARNING - 過去7日以内に同じタイトルの投稿があります: 異種族カノジョ（サキュバス）とイチャラブらいふ モザイク版
2025-05-12 03:56:31,808 - WARNING - 過去7日以内に同じタイトルの投稿があるため、処理を中止します
2025-05-12 12:20:46,005 - INFO - すべての必須環境変数が設定されています。処理を続行します。
2025-05-12 12:20:46,005 - INFO - X（Twitter）への投稿処理を開始します
2025-05-12 12:20:46,007 - WARNING - 過去7日以内に同じタイトルの投稿があります: 麗しき魔法●●諸君、孕め。 〜快感に浸して悪落ちヒロイン完成！！〜【CG集コレクション】 モザイク版
2025-05-12 12:20:46,007 - WARNING - 過去7日以内に同じタイトルの投稿があるため、処理を中止します
2025-05-12 14:44:34,734 - INFO - すべての必須環境変数が設定されています。処理を続行します。
2025-05-12 14:44:34,734 - INFO - X（Twitter）への投稿処理を開始します
2025-05-12 14:44:34,736 - WARNING - 過去7日以内に同じタイトルの投稿があります: 我が家の極上妖狐さま〜押しかけお稲荷のもふもふイチャラブセラピー〜モザイク版
2025-05-12 14:44:34,736 - WARNING - 過去7日以内に同じタイトルの投稿があるため、処理を中止します
2025-05-13 03:54:46,754 - INFO - すべての必須環境変数が設定されています。処理を続行します。
2025-05-13 03:54:46,754 - INFO - X（Twitter）への投稿処理を開始します
2025-05-13 03:54:46,756 - WARNING - 過去7日以内に同じタイトルの投稿があります: ねーちゃんの淫穴レベルアップ！！ 〜廃人ゲーマー女が淫キャの黒ギャルに堕ちるまで〜 モザイク版
2025-05-13 03:54:46,756 - WARNING - 過去7日以内に同じタイトルの投稿があるため、処理を中止します
2025-05-13 12:20:45,391 - INFO - すべての必須環境変数が設定されています。処理を続行します。
2025-05-13 12:20:45,391 - INFO - X（Twitter）への投稿処理を開始します
2025-05-13 12:20:45,451 - INFO - アフィリエイトURLのパラメータを置換しました（環境変数使用）
2025-05-13 12:20:45,680 - INFO - 投稿に成功しました！ Tweet ID: 1922265758932803884
2025-05-13 12:20:45,681 - INFO - 投稿内容: ヴァンパイア彼女とイチャイチャできるとかヤバすぎ…！モザイクでも背徳感すごくて羨ましすぎるだろ😳💦 買うしかないっしょw

#エロマンガ #PR
https://al.dmm.co.jp/?lurl=https%3A%2F%2Fbook.dmm.co.jp%2Fproduct%2F6123470%2Fk187afrnt10979%2F&af_id=kntbouzu777-001&ch=toolbar&ch_id=link
2025-05-13 12:20:45,681 - INFO - 投稿履歴を保存しました
2025-05-13 12:20:45,682 - INFO - 投稿処理が完了しました
2025-05-13 14:46:47,204 - INFO - すべての必須環境変数が設定されています。処理を続行します。
2025-05-13 14:46:47,204 - INFO - X（Twitter）への投稿処理を開始します
2025-05-13 14:46:47,263 - INFO - アフィリエイトURLのパラメータを置換しました（環境変数使用）
2025-05-13 14:46:47,476 - INFO - 投稿に成功しました！ Tweet ID: 1922302508598190416
2025-05-13 14:46:47,476 - INFO - 投稿内容: え、これヤバすぎない？😳 保護者もアレも…羨ましすぎて泣けるw

#おっぱい #PR
https://al.dmm.co.jp/?lurl=https%3A%2F%2Fbook.dmm.co.jp%2Fproduct%2F6123469%2Fk187afrnt10989%2F&af_id=kntbouzu777-001&ch=toolbar&ch_id=link
2025-05-13 14:46:47,478 - INFO - 投稿履歴を保存しました
2025-05-13 14:46:47,478 - INFO - 投稿処理が完了しました
2025-05-14 03:54:01,199 - INFO - すべての必須環境変数が設定されています。処理を続行します。
2025-05-14 03:54:01,199 - INFO - X（Twitter）への投稿処理を開始します
2025-05-14 03:54:01,200 - WARNING - 過去7日以内に同じタイトルの投稿があります: エロすぎる爆乳カテキョと生ハメ性教育〜保護者も●●もエッチな偏差値急上昇〜モザイク版
2025-05-14 03:54:01,200 - WARNING - 過去7日以内に同じタイトルの投稿があるため、処理を中止します
2025-05-14 12:20:11,218 - INFO - すべての必須環境変数が設定されています。処理を続行します。
2025-05-14 12:20:11,218 - INFO - X（Twitter）への投稿処理を開始します
2025-05-14 12:20:11,258 - INFO - アフィリエイトURLのパラメータを置換しました（環境変数使用）
2025-05-14 12:20:11,486 - INFO - 投稿に成功しました！ Tweet ID: 1922628003353559179
2025-05-14 12:20:11,486 - INFO - 投稿内容: ฅ^•ﻌ•^ฅ あの子…陸上部を支配してる…ヤバすぎる…背徳感すごい…羨ましすぎる…！😳

#電子書籍 #PR
https://al.dmm.co.jp/?lurl=https%3A%2F%2Fbook.dmm.co.jp%2Fproduct%2F6125678%2Fs587anmad00174%2F&af_id=kntbouzu777-001&ch=toolbar&ch_id=link
2025-05-14 12:20:11,487 - INFO - 投稿履歴を保存しました
2025-05-14 12:20:11,487 - INFO - 投稿処理が完了しました
2025-05-14 14:42:45,568 - INFO - すべての必須環境変数が設定されています。処理を続行します。
2025-05-14 14:42:45,568 - INFO - X（Twitter）への投稿処理を開始します
2025-05-14 14:42:45,600 - INFO - アフィリエイトURLのパラメータを置換しました（環境変数使用）
2025-05-14 14:42:45,853 - INFO - 投稿に成功しました！ Tweet ID: 1922663882969035165
2025-05-14 14:42:45,853 - INFO - 投稿内容: トイレで個室とかヤバすぎ…！😳 背徳感マックスでめっちゃ羨ましいだろ…！自分もやりてぇ…！🔥

#おすすめ #PR
https://al.dmm.co.jp/?lurl=https%3A%2F%2Fbook.dmm.co.jp%2Fproduct%2F6125677%2Fs587anmad00173%2F&af_id=kntbouzu777-001&ch=toolbar&ch_id=link
2025-05-14 14:42:45,854 - INFO - 投稿履歴を保存しました
2025-05-14 14:42:45,854 - INFO - 投稿処理が完了しました
2025-05-15 03:53:52,625 - INFO - すべての必須環境変数が設定されています。処理を続行します。
2025-05-15 03:53:52,625 - INFO - X（Twitter）への投稿処理を開始します
2025-05-15 03:53:52,670 - INFO - アフィリエイトURLのパラメータを置換しました（環境変数使用）
2025-05-15 03:53:52,882 - INFO - 投稿に成功しました！ Tweet ID: 1922862974169120852
2025-05-15 03:53:52,882 - INFO - 投稿内容: ヤバ…ママたちの乱痴タイムが新作！？背徳感ハンパない…絶対見たいんだけど！羨ましすぎて泣ける😳🔥

#おすすめ #PR
https://al.dmm.co.jp/?lurl=https%3A%2F%2Fbook.dmm.co.jp%2Fproduct%2F6127374%2Fb061bangl02793%2F&af_id=kntbouzu777-001&ch=toolbar&ch_id=link
2025-05-15 03:53:52,882 - INFO - 投稿履歴を保存しました
2025-05-15 03:53:52,882 - INFO - 投稿処理が完了しました
2025-05-15 12:19:55,755 - INFO - すべての必須環境変数が設定されています。処理を続行します。
2025-05-15 12:19:55,755 - INFO - X（Twitter）への投稿処理を開始します
2025-05-15 12:19:55,846 - INFO - アフィリエイトURLのパラメータを置換しました（環境変数使用）
2025-05-15 12:19:56,088 - INFO - 投稿に成功しました！ Tweet ID: 1922990326626832683
2025-05-15 12:19:56,088 - INFO - 投稿内容: これヤバすぎ…自分が雌犬って言われてるだけで興奮しちゃう…背徳感すごい！😳 買っちゃった人羨ましすぎるだろ…🔥

#官能 #PR
https://al.dmm.co.jp/?lurl=https%3A%2F%2Fbook.dmm.co.jp%2Fproduct%2F6127373%2Fb061bangl02795%2F&af_id=kntbouzu777-001&ch=toolbar&ch_id=link
2025-05-15 12:19:56,089 - INFO - 投稿履歴を保存しました
2025-05-15 12:19:56,089 - INFO - 投稿処理が完了しました
2025-05-15 14:42:43,211 - INFO - すべての必須環境変数が設定されています。処理を続行します。
2025-05-15 14:42:43,211 - INFO - X（Twitter）への投稿処理を開始します
2025-05-15 14:42:43,213 - WARNING - 過去7日以内に同じタイトルの投稿があります: 私は雌犬
2025-05-15 14:42:43,213 - WARNING - 過去7日以内に同じタイトルの投稿があるため、処理を中止します
2025-05-16 03:55:19,081 - INFO - すべての必須環境変数が設定されています。処理を続行します。
2025-05-16 03:55:19,081 - INFO - X（Twitter）への投稿処理を開始します
2025-05-16 03:55:19,108 - INFO - アフィリエイトURLのパラメータを置換しました（環境変数使用）
2025-05-16 03:55:19,330 - INFO - 投稿に成功しました！ Tweet ID: 1923225724573376672
2025-05-16 03:55:19,330 - INFO - 投稿内容: あの作品のスペシャルセレクション来てる…！私こんなの見たら絶対イっちゃうやつ😳 背徳感ヤバすぎてマジで羨ましいだろ…🔥

#電子書籍 #PR
https://al.dmm.co.jp/?lurl=https%3A%2F%2Fbook.dmm.co.jp%2Fproduct%2F6114388%2Fb403assog29230%2F&af_id=kntbouzu777-001&ch=toolbar&ch_id=link
2025-05-16 03:55:19,331 - INFO - 投稿履歴を保存しました
2025-05-16 03:55:19,331 - INFO - 投稿処理が完了しました
2025-05-16 12:21:38,093 - INFO - すべての必須環境変数が設定されています。処理を続行します。
2025-05-16 12:21:38,093 - INFO - X（Twitter）への投稿処理を開始します
2025-05-16 12:21:38,119 - INFO - アフィリエイトURLのパラメータを置換しました（環境変数使用）
2025-05-16 12:21:38,316 - INFO - 投稿に成功しました！ Tweet ID: 1923353143338762455
2025-05-16 12:21:38,316 - INFO - 投稿内容: これヤバすぎ…背徳感すごい😳 羨ましすぎて泣ける…！1でこのクオリティ…買いだよ！🔥

#ギャル #PR
https://al.dmm.co.jp/?lurl=https%3A%2F%2Fbook.dmm.co.jp%2Fproduct%2F6114387%2Fb403assog29231%2F&af_id=kntbouzu777-001&ch=toolbar&ch_id=link
2025-05-16 12:21:38,317 - INFO - 投稿履歴を保存しました
2025-05-16 12:21:38,317 - INFO - 投稿処理が完了しました
2025-05-16 14:43:11,954 - INFO - すべての必須環境変数が設定されています。処理を続行します。
2025-05-16 14:43:11,954 - INFO - X（Twitter）への投稿処理を開始します
2025-05-16 14:43:11,991 - INFO - アフィリエイトURLのパラメータを置換しました（環境変数使用）
2025-05-16 14:43:12,219 - INFO - 投稿に成功しました！ Tweet ID: 1923388769304015331
2025-05-16 14:43:12,219 - INFO - 投稿内容: ヤバ…人妻の不倫シーンがエロすぎて目が離せない…😳 夫にバレないように楽しむ背徳感がたまらん…羨ましすぎるだろ！🔥

#ドキドキ #PR
https://al.dmm.co.jp/?lurl=https%3A%2F%2Fbook.dmm.co.jp%2Fproduct%2F6114386%2Fb403assog29240%2F&af_id=kntbouzu777-001&ch=toolbar&ch_id=link
2025-05-16 14:43:12,220 - INFO - 投稿履歴を保存しました
2025-05-16 14:43:12,220 - INFO - 投稿処理が完了しました
2025-05-17 10:44:01,984 - INFO - すべての必須環境変数が設定されています。処理を続行します。
2025-05-17 10:44:01,985 - INFO - X（Twitter）への投稿処理を開始します
2025-05-17 10:44:02,017 - INFO - アフィリエイトURLのパラメータを置換しました（環境変数使用）
2025-05-17 10:44:02,235 - INFO - 投稿に成功しました！ Tweet ID: 1923690968940683486
2025-05-17 10:44:02,236 - INFO - 投稿内容: ově背徳感すごい…淫乱すぎてヤバい😳 羨ましすぎるだろw

#熱い #PR
https://al.dmm.co.jp/?lurl=https%3A%2F%2Fbook.dmm.co.jp%2Fproduct%2F6127382%2Fs645asmmi00467%2F&af_id=kntbouzu777-001&ch=toolbar&ch_id=link
2025-05-17 10:44:02,236 - INFO - 投稿履歴を保存しました
2025-05-17 10:44:02,236 - INFO - 投稿処理が完了しました
2025-05-17 15:18:04,652 - INFO - すべての必須環境変数が設定されています。処理を続行します。
2025-05-17 15:18:04,652 - INFO - X（Twitter）への投稿処理を開始します
2025-05-17 15:18:04,690 - INFO - アフィリエイトURLのパラメータを置換しました（環境変数使用）
2025-05-17 15:18:05,034 - INFO - 投稿に成功しました！ Tweet ID: 1923759934975385756
2025-05-17 15:18:05,034 - INFO - 投稿内容: ヤバ…幼馴染とHなカフェってマジで背徳感ヤバすぎ😳 まさかのNTR展開に俺の心臓止まるかと思った…羨ましすぎだろこれ…！🔥

#おすすめ #PR
https://al.dmm.co.jp/?lurl=https%3A%2F%2Fbook.dmm.co.jp%2Fproduct%2F6127379%2Fs645asmmi00469%2F&af_id=kntbouzu777-001&ch=toolbar&ch_id=link
2025-05-17 15:18:05,035 - INFO - 投稿履歴を保存しました
2025-05-17 15:18:05,035 - INFO - 投稿処理が完了しました
2025-05-17 17:18:21,916 - INFO - すべての必須環境変数が設定されています。処理を続行します。
2025-05-17 17:18:21,916 - INFO - X（Twitter）への投稿処理を開始します
2025-05-17 17:18:21,943 - INFO - アフィリエイトURLのパラメータを置換しました（環境変数使用）
2025-05-17 17:18:22,219 - INFO - 投稿に成功しました！ Tweet ID: 1923790206131634208
2025-05-17 17:18:22,219 - INFO - 投稿内容: 私の理性が崩壊しそう…こんな濃厚な展開ヤバすぎ💦…！

#おっぱい #PR
https://al.dmm.co.jp/?lurl=https%3A%2F%2Fbook.dmm.co.jp%2Fproduct%2F6125789%2Fk187afrnt11017%2F&af_id=kntbouzu777-001&ch=toolbar&ch_id=link
2025-05-17 17:18:22,220 - INFO - 投稿履歴を保存しました
2025-05-17 17:18:22,220 - INFO - 投稿処理が完了しました
2025-05-18 10:43:25,718 - INFO - すべての必須環境変数が設定されています。処理を続行します。
2025-05-18 10:43:25,718 - INFO - X（Twitter）への投稿処理を開始します
2025-05-18 10:43:25,744 - INFO - アフィリエイトURLのパラメータを置換しました（環境変数使用）
2025-05-18 10:43:25,965 - INFO - 投稿に成功しました！ Tweet ID: 1924053204754399236
2025-05-18 10:43:25,965 - INFO - 投稿内容: おっ…ヤバすぎる😱魔法使い♀ちゃんのエロ悪堕ち展開に背徳感マシマシ！羨ましすぎて震える…💦モザイクでも十分エグいぜ！は安すぎだろ🔥

#濡れる #PR
https://al.dmm.co.jp/?lurl=https%3A%2F%2Fbook.dmm.co.jp%2Fproduct%2F6127385%2Fs645asmmi00491%2F&af_id=kntbouzu777-001&ch=toolbar&ch_id=link
2025-05-18 10:43:25,966 - INFO - 投稿履歴を保存しました
2025-05-18 10:43:25,966 - INFO - 投稿処理が完了しました
2025-05-18 15:17:41,204 - INFO - すべての必須環境変数が設定されています。処理を続行します。
2025-05-18 15:17:41,204 - INFO - X（Twitter）への投稿処理を開始します
2025-05-18 15:17:41,206 - WARNING - 過去7日以内に同じタイトルの投稿があります: 淫乱美女はとことんエッチで床上手！〜腹上に這う乱れ淫らなお手つき〜【CG集セレクション】モザイク版
2025-05-18 15:17:41,206 - WARNING - 過去7日以内に同じタイトルの投稿があるため、処理を中止します
2025-05-18 17:16:46,203 - INFO - すべての必須環境変数が設定されています。処理を続行します。
2025-05-18 17:16:46,203 - INFO - X（Twitter）への投稿処理を開始します
2025-05-18 17:16:46,204 - WARNING - 過去7日以内に同じタイトルの投稿があります: 幼馴染と初めてのHなカフェ まさかのNTR！？ モザイク版
2025-05-18 17:16:46,204 - WARNING - 過去7日以内に同じタイトルの投稿があるため、処理を中止します
2025-05-19 04:00:30,810 - INFO - すべての必須環境変数が設定されています。処理を続行します。
2025-05-19 04:00:30,810 - INFO - X（Twitter）への投稿処理を開始します
2025-05-19 04:00:30,837 - INFO - アフィリエイトURLのパラメータを置換しました（環境変数使用）
2025-05-19 04:00:31,496 - INFO - 投稿に成功しました！ Tweet ID: 1924314197438894557
2025-05-19 04:00:31,497 - INFO - 投稿内容: ự隣の子とこんなことしてるなんて…ヤバすぎる😳 純愛なのに背徳感がすごい！羨ましすぎるだろw

#ハーレム #PR
https://al.dmm.co.jp/?lurl=https%3A%2F%2Fbook.dmm.co.jp%2Fproduct%2F6127394%2Fs655azqoj00370%2F&af_id=kntbouzu777-001&ch=toolbar&ch_id=link
2025-05-19 04:00:31,498 - INFO - 投稿履歴を保存しました
2025-05-19 04:00:31,498 - INFO - 投稿処理が完了しました
2025-05-19 12:20:51,741 - INFO - すべての必須環境変数が設定されています。処理を続行します。
2025-05-19 12:20:51,741 - INFO - X（Twitter）への投稿処理を開始します
2025-05-19 12:20:51,775 - INFO - アフィリエイトURLのパラメータを置換しました（環境変数使用）
2025-05-19 12:20:51,995 - INFO - 投稿に成功しました！ Tweet ID: 1924440112605044825
2025-05-19 12:20:51,995 - INFO - 投稿内容: ヤバすぎ…淫乱美女の濃密SEXに悶えすぎだろ😳 あふれる愛液がエロすぎてめっちゃ嫉妬するw 見てるだけで背徳感がヤバい…🔥

#新刊 #PR
https://al.dmm.co.jp/?lurl=https%3A%2F%2Fbook.dmm.co.jp%2Fproduct%2F6127389%2Fs645asmmi00483%2F&af_id=kntbouzu777-001&ch=toolbar&ch_id=link
2025-05-19 12:20:51,996 - INFO - 投稿履歴を保存しました
2025-05-19 12:20:51,996 - INFO - 投稿処理が完了しました
2025-05-19 14:44:48,240 - INFO - すべての必須環境変数が設定されています。処理を続行します。
2025-05-19 14:44:48,240 - INFO - X（Twitter）への投稿処理を開始します
2025-05-19 14:44:48,281 - INFO - アフィリエイトURLのパラメータを置換しました（環境変数使用）
2025-05-19 14:44:48,563 - INFO - 投稿に成功しました！ Tweet ID: 1924476337030316143
2025-05-19 14:44:48,564 - INFO - 投稿内容: え、これヤバすぎない？女スパイが娼婦に堕ちるって…背徳感すごい！羨ましすぎるだろ！😳🔥

#ハーレム #PR
https://al.dmm.co.jp/?lurl=https%3A%2F%2Fbook.dmm.co.jp%2Fproduct%2F6127386%2Fs645asmmi00473%2F&af_id=kntbouzu777-001&ch=toolbar&ch_id=link
2025-05-19 14:44:48,565 - INFO - 投稿履歴を保存しました
2025-05-19 14:44:48,565 - INFO - 投稿処理が完了しました
2025-05-20 03:54:53,821 - INFO - すべての必須環境変数が設定されています。処理を続行します。
2025-05-20 03:54:53,821 - INFO - X（Twitter）への投稿処理を開始します
2025-05-20 03:54:53,822 - WARNING - 過去7日以内に同じタイトルの投稿があります: 気高き女スパイは娼婦に堕ちる〜潜入失敗の代償は己の痴体〜モザイク版
2025-05-20 03:54:53,822 - WARNING - 過去7日以内に同じタイトルの投稿があるため、処理を中止します
2025-05-20 12:20:58,249 - INFO - すべての必須環境変数が設定されています。処理を続行します。
2025-05-20 12:20:58,250 - INFO - X（Twitter）への投稿処理を開始します
2025-05-20 12:20:58,276 - INFO - アフィリエイトURLのパラメータを置換しました（環境変数使用）
2025-05-20 12:20:58,498 - INFO - 投稿に成功しました！ Tweet ID: 1924802527758860411
2025-05-20 12:20:58,499 - INFO - 投稿内容: ヤバっ…！アンスリウム最新号きたー！！！背徳感すごい表紙に悶絶してる…😳 中身も期待しかないし早く読みたい！羨ましすぎだろ…🔥

#美少女 #PR
https://al.dmm.co.jp/?lurl=https%3A%2F%2Fbook.dmm.co.jp%2Fproduct%2F13786%2Fk568agotp09579%2F&af_id=kntbouzu777-001&ch=toolbar&ch_id=link
2025-05-20 12:20:58,500 - INFO - 投稿履歴を保存しました
2025-05-20 12:20:58,500 - INFO - 投稿処理が完了しました
2025-05-20 14:43:52,501 - INFO - すべての必須環境変数が設定されています。処理を続行します。
2025-05-20 14:43:52,501 - INFO - X（Twitter）への投稿処理を開始します
2025-05-20 14:43:52,578 - INFO - アフィリエイトURLのパラメータを置換しました（環境変数使用）
2025-05-20 14:43:52,974 - INFO - 投稿に成功しました！ Tweet ID: 1924838491608760627
2025-05-20 14:43:52,974 - INFO - 投稿内容: 奥さんとヤリコミだって…！？しかも1って安すぎヤバい…🥵 背徳感ハンパないやつお下がりできて羨ましすぎだろ俺…🔥

#エロ漫画 #PR
https://al.dmm.co.jp/?lurl=https%3A%2F%2Fbook.dmm.co.jp%2Fproduct%2F6128067%2Fb137amdax01693%2F&af_id=kntbouzu777-001&ch=toolbar&ch_id=link
2025-05-20 14:43:52,975 - INFO - 投稿履歴を保存しました
2025-05-20 14:43:52,975 - INFO - 投稿処理が完了しました
2025-05-21 03:54:46,335 - INFO - すべての必須環境変数が設定されています。処理を続行します。
2025-05-21 03:54:46,335 - INFO - X（Twitter）への投稿処理を開始します
2025-05-21 03:54:46,336 - WARNING - 過去7日以内に同じタイトルの投稿があります: 奥さんとヤリコミする！
2025-05-21 03:54:46,336 - WARNING - 過去7日以内に同じタイトルの投稿があるため、処理を中止します
2025-05-21 12:20:22,773 - INFO - すべての必須環境変数が設定されています。処理を続行します。
2025-05-21 12:20:22,773 - INFO - X（Twitter）への投稿処理を開始します
2025-05-21 12:20:22,829 - INFO - アフィリエイトURLのパラメータを置換しました（環境変数使用）
2025-05-21 12:20:23,037 - INFO - 投稿に成功しました！ Tweet ID: 1925164766882074806
2025-05-21 12:20:23,037 - INFO - 投稿内容: 】あのG-エッヂの新作きたー！でこのクオリティ…ヤバすぎる！背徳感バリバリで羨ましすぎるだろ😳🔥

#電子書籍 #PR
https://al.dmm.co.jp/?lurl=https%3A%2F%2Fbook.dmm.co.jp%2Fproduct%2F923262%2Fs046agnss00661%2F&af_id=kntbouzu777-001&ch=toolbar&ch_id=link
2025-05-21 12:20:23,038 - INFO - 投稿履歴を保存しました
2025-05-21 12:20:23,039 - INFO - 投稿処理が完了しました
2025-05-21 14:44:00,939 - INFO - すべての必須環境変数が設定されています。処理を続行します。
2025-05-21 14:44:00,939 - INFO - X（Twitter）への投稿処理を開始します
2025-05-21 14:44:00,966 - INFO - アフィリエイトURLのパラメータを置換しました（環境変数使用）
2025-05-21 14:44:01,211 - INFO - 投稿に成功しました！ Tweet ID: 1925200914152878166
2025-05-21 14:44:01,211 - INFO - 投稿内容: ムギュッて…！？こ、これヤバすぎ…背徳感ハンパないパイズリ体験で心臓バクバク😳 たったでこれ買えるの羨ましすぎるだろ〜🔥

#BL #PR
https://al.dmm.co.jp/?lurl=https%3A%2F%2Fbook.dmm.co.jp%2Fproduct%2F16224%2Fs011akamj02471%2F&af_id=kntbouzu777-001&ch=toolbar&ch_id=link
2025-05-21 14:44:01,213 - INFO - 投稿履歴を保存しました
2025-05-21 14:44:01,213 - INFO - 投稿処理が完了しました
2025-05-22 03:54:31,264 - INFO - すべての必須環境変数が設定されています。処理を続行します。
2025-05-22 03:54:31,264 - INFO - X（Twitter）への投稿処理を開始します
2025-05-22 03:54:31,266 - WARNING - 過去7日以内に同じタイトルの投稿があります: G-エッヂ Vol.063
2025-05-22 03:54:31,266 - WARNING - 過去7日以内に同じタイトルの投稿があるため、処理を中止します
2025-05-22 12:21:07,547 - INFO - すべての必須環境変数が設定されています。処理を続行します。
2025-05-22 12:21:07,547 - INFO - X（Twitter）への投稿処理を開始します
2025-05-22 12:21:07,549 - WARNING - 過去7日以内に同じタイトルの投稿があります: コアコレ 【ムギュッ！と絞ってパイズリ】
2025-05-22 12:21:07,549 - WARNING - 過去7日以内に同じタイトルの投稿があるため、処理を中止します
2025-05-22 14:43:42,636 - INFO - すべての必須環境変数が設定されています。処理を続行します。
2025-05-22 14:43:42,637 - INFO - X（Twitter）への投稿処理を開始します
2025-05-22 14:43:42,667 - INFO - アフィリエイトURLのパラメータを置換しました（環境変数使用）
2025-05-22 14:43:42,877 - INFO - 投稿に成功しました！ Tweet ID: 1925563225120416142
2025-05-22 14:43:42,877 - INFO - 投稿内容: ](#) 新刊買っちゃった…コミックB地区の最新号！背徳感ヤバすぎて震える…😳 みんな羨ましいでしょ？w

#TL #PR
https://al.dmm.co.jp/?lurl=https%3A%2F%2Fbook.dmm.co.jp%2Fproduct%2F4571230%2Fb129dbnka17089%2F&af_id=kntbouzu777-001&ch=toolbar&ch_id=link
2025-05-22 14:43:42,879 - INFO - 投稿履歴を保存しました
2025-05-22 14:43:42,879 - INFO - 投稿処理が完了しました
2025-05-23 03:54:10,373 - INFO - すべての必須環境変数が設定されています。処理を続行します。
2025-05-23 03:54:10,373 - INFO - X（Twitter）への投稿処理を開始します
2025-05-23 03:54:10,408 - INFO - アフィリエイトURLのパラメータを置換しました（環境変数使用）
2025-05-23 03:54:10,643 - INFO - 投稿に成功しました！ Tweet ID: 1925762151513248074
2025-05-23 03:54:10,644 - INFO - 投稿内容: ヤバ…新作のハメギャルビッチきたー！🥵  でこの背徳感半端ない…！みんな絶対羨ましがるわこれ…ﾌﾞﾙﾌﾞﾙww🔥

#大人の時間 #PR
https://al.dmm.co.jp/?lurl=https%3A%2F%2Fbook.dmm.co.jp%2Fproduct%2F6081761%2Fk839akrya03877%2F&af_id=kntbouzu777-001&ch=toolbar&ch_id=link
2025-05-23 03:54:10,645 - INFO - 投稿履歴を保存しました
2025-05-23 03:54:10,645 - INFO - 投稿処理が完了しました
2025-05-23 12:19:31,891 - INFO - すべての必須環境変数が設定されています。処理を続行します。
2025-05-23 12:19:31,891 - INFO - X（Twitter）への投稿処理を開始します
2025-05-23 12:19:31,892 - WARNING - 過去7日以内に同じタイトルの投稿があります: ハメギャルビッチ
2025-05-23 12:19:31,892 - WARNING - 過去7日以内に同じタイトルの投稿があるため、処理を中止します
2025-05-23 14:42:20,998 - INFO - すべての必須環境変数が設定されています。処理を続行します。
2025-05-23 14:42:20,998 - INFO - X（Twitter）への投稿処理を開始します
2025-05-23 14:42:21,031 - INFO - アフィリエイトURLのパラメータを置換しました（環境変数使用）
2025-05-23 14:42:21,291 - INFO - 投稿に成功しました！ Tweet ID: 1925925270575329327
2025-05-23 14:42:21,291 - INFO - 投稿内容: これヤバすぎ…！人妻上司と不倫する背徳感がたまんない…絶対声我慢できない展開やばい😳💦 デラックス版とか羨ましすぎるだろ…！🔥

#ハーレム #PR
https://al.dmm.co.jp/?lurl=https%3A%2F%2Fbook.dmm.co.jp%2Fproduct%2F6126132%2Fb351ammrc10655%2F&af_id=kntbouzu777-001&ch=toolbar&ch_id=link
2025-05-23 14:42:21,292 - INFO - 投稿履歴を保存しました
2025-05-23 14:42:21,292 - INFO - 投稿処理が完了しました
2025-05-24 10:43:35,923 - INFO - すべての必須環境変数が設定されています。処理を続行します。
2025-05-24 10:43:35,923 - INFO - X（Twitter）への投稿処理を開始します
2025-05-24 10:43:35,961 - INFO - アフィリエイトURLのパラメータを置換しました（環境変数使用）
2025-05-24 10:43:36,201 - INFO - 投稿に成功しました！ Tweet ID: 1926227574763433990
2025-05-24 10:43:36,201 - INFO - 投稿内容: でこんなの買えちゃうの？ヤバすぎる…😳 羨ましすぎて泣けるw

#読書 #PR
https://al.dmm.co.jp/?lurl=https%3A%2F%2Fbook.dmm.co.jp%2Fproduct%2F6131058%2Fb247awako00865%2F&af_id=kntbouzu777-001&ch=toolbar&ch_id=link
2025-05-24 10:43:36,202 - INFO - 投稿履歴を保存しました
2025-05-24 10:43:36,202 - INFO - 投稿処理が完了しました
2025-05-24 15:17:36,379 - INFO - すべての必須環境変数が設定されています。処理を続行します。
2025-05-24 15:17:36,379 - INFO - X（Twitter）への投稿処理を開始します
2025-05-24 15:17:36,406 - INFO - アフィリエイトURLのパラメータを置換しました（環境変数使用）
2025-05-24 15:17:36,700 - INFO - 投稿に成功しました！ Tweet ID: 1926296531017085386
2025-05-24 15:17:36,700 - INFO - 投稿内容: 素人ギャルゲッチュ新作きたー！😍 ヤバすぎる露出感にドキドキ止まんねー…実写コミックとかマジで背徳感半端ない🔥 は安すぎるだろ！

#ファンタジー #PR
https://al.dmm.co.jp/?lurl=https%3A%2F%2Fbook.dmm.co.jp%2Fproduct%2F562177%2Fb247awako00864%2F&af_id=kntbouzu777-001&ch=toolbar&ch_id=link
2025-05-24 15:17:36,701 - INFO - 投稿履歴を保存しました
2025-05-24 15:17:36,701 - INFO - 投稿処理が完了しました
2025-05-24 17:16:30,680 - INFO - すべての必須環境変数が設定されています。処理を続行します。
2025-05-24 17:16:30,681 - INFO - X（Twitter）への投稿処理を開始します
2025-05-24 17:16:30,707 - INFO - アフィリエイトURLのパラメータを置換しました（環境変数使用）
2025-05-24 17:16:30,971 - INFO - 投稿に成功しました！ Tweet ID: 1926326454557503705
2025-05-24 17:16:30,971 - INFO - 投稿内容: これヤバすぎ…素人なのにこんなに可愛いの？😳 羨ましすぎて泣ける…！で買えるの？マジで神！

#ギャル #PR
https://al.dmm.co.jp/?lurl=https%3A%2F%2Fbook.dmm.co.jp%2Fproduct%2F6131057%2Fb247awako00863%2F&af_id=kntbouzu777-001&ch=toolbar&ch_id=link
2025-05-24 17:16:30,973 - INFO - 投稿履歴を保存しました
2025-05-24 17:16:30,973 - INFO - 投稿処理が完了しました
2025-05-25 10:44:35,393 - INFO - すべての必須環境変数が設定されています。処理を続行します。
2025-05-25 10:44:35,393 - INFO - X（Twitter）への投稿処理を開始します
2025-05-25 10:44:35,420 - INFO - アフィリエイトURLのパラメータを置換しました（環境変数使用）
2025-05-25 10:44:35,754 - INFO - 投稿に成功しました！ Tweet ID: 1926590212076962238
2025-05-25 10:44:35,754 - INFO - 投稿内容: 新作きたー！デカジョの最新号だよ…！背徳感ヤバすぎて震える😳 でこのクオリティ…羨ましすぎるだろ！🔥

#おうち時間 #PR
https://al.dmm.co.jp/?lurl=https%3A%2F%2Fbook.dmm.co.jp%2Fproduct%2F4578031%2Fb164aisis05302%2F&af_id=kntbouzu777-001&ch=toolbar&ch_id=link
2025-05-25 10:44:35,756 - INFO - 投稿履歴を保存しました
2025-05-25 10:44:35,756 - INFO - 投稿処理が完了しました
2025-05-25 15:17:54,587 - INFO - すべての必須環境変数が設定されています。処理を続行します。
2025-05-25 15:17:54,587 - INFO - X（Twitter）への投稿処理を開始します
2025-05-25 15:17:54,623 - INFO - アフィリエイトURLのパラメータを置換しました（環境変数使用）
2025-05-25 15:17:55,341 - INFO - 投稿に成功しました！ Tweet ID: 1926658995730694303
2025-05-25 15:17:55,341 - INFO - 投稿内容: 私、これでイカされちゃった…みんなの前でイカされるのヤバすぎる…😳 秘密のおさわりで教育されちゃうなんて…羨ましいでしょ？w

#ファンタジー #PR
https://al.dmm.co.jp/?lurl=https%3A%2F%2Fbook.dmm.co.jp%2Fproduct%2F6127405%2Fs246asnph02511%2F&af_id=kntbouzu777-001&ch=toolbar&ch_id=link
2025-05-25 15:17:55,342 - INFO - 投稿履歴を保存しました
2025-05-25 15:17:55,342 - INFO - 投稿処理が完了しました
2025-05-25 17:16:22,557 - INFO - すべての必須環境変数が設定されています。処理を続行します。
2025-05-25 17:16:22,557 - INFO - X（Twitter）への投稿処理を開始します
2025-05-25 17:16:22,595 - INFO - アフィリエイトURLのパラメータを置換しました（環境変数使用）
2025-05-25 17:16:22,995 - INFO - 投稿に成功しました！ Tweet ID: 1926688808457711864
2025-05-25 17:16:22,995 - INFO - 投稿内容: うわっ…若妻のハメ撮り現場レポとかマジでヤバすぎ！😳 こっそり見てると背徳感ヤバいし…めっちゃ羨ましいだろこれ…！！🔥

#アダルト #PR
https://al.dmm.co.jp/?lurl=https%3A%2F%2Fbook.dmm.co.jp%2Fproduct%2F563141%2Fb247awako00866%2F&af_id=kntbouzu777-001&ch=toolbar&ch_id=link
2025-05-25 17:16:22,996 - INFO - 投稿履歴を保存しました
2025-05-25 17:16:22,996 - INFO - 投稿処理が完了しました
2025-05-26 03:58:24,092 - INFO - すべての必須環境変数が設定されています。処理を続行します。
2025-05-26 03:58:24,092 - INFO - X（Twitter）への投稿処理を開始します
2025-05-26 03:58:24,118 - INFO - アフィリエイトURLのパラメータを置換しました（環境変数使用）
2025-05-26 03:58:24,461 - INFO - 投稿に成功しました！ Tweet ID: 1926850379527922035
2025-05-26 03:58:24,461 - INFO - 投稿内容: 俺…トウテツ最新号見たけどヤバすぎる…😳 毎号背徳感ハンパないし、自分も描いてみたくなっちゃう…絶対買いだろこれ🔥

#ドキドキ #PR
https://al.dmm.co.jp/?lurl=https%3A%2F%2Fbook.dmm.co.jp%2Fproduct%2F601108%2Fb164aisis05322%2F&af_id=kntbouzu777-001&ch=toolbar&ch_id=link
2025-05-26 03:58:24,462 - INFO - 投稿履歴を保存しました
2025-05-26 03:58:24,462 - INFO - 投稿処理が完了しました
2025-05-26 12:19:30,600 - INFO - すべての必須環境変数が設定されています。処理を続行します。
2025-05-26 12:19:30,600 - INFO - X（Twitter）への投稿処理を開始します
2025-05-26 12:19:30,601 - WARNING - 過去7日以内に同じタイトルの投稿があります: デカジョ！ vol.5
2025-05-26 12:19:30,602 - WARNING - 過去7日以内に同じタイトルの投稿があるため、処理を中止します
2025-05-26 14:42:38,583 - INFO - すべての必須環境変数が設定されています。処理を続行します。
2025-05-26 14:42:38,583 - INFO - X（Twitter）への投稿処理を開始します
2025-05-26 14:42:38,585 - WARNING - 過去7日以内に同じタイトルの投稿があります: 「ダメっ…みんなの前でイかされちゃうっ！」秘密のおさわりで徹底教育
2025-05-26 14:42:38,585 - WARNING - 過去7日以内に同じタイトルの投稿があるため、処理を中止します
2025-05-27 03:57:51,661 - INFO - すべての必須環境変数が設定されています。処理を続行します。
2025-05-27 03:57:51,661 - INFO - X（Twitter）への投稿処理を開始します
2025-05-27 03:57:51,689 - INFO - アフィリエイトURLのパラメータを置換しました（環境変数使用）
2025-05-27 03:57:52,038 - INFO - 投稿に成功しました！ Tweet ID: 1927212631175176331
2025-05-27 03:57:52,038 - INFO - 投稿内容: 隣の奥さんvol.97届いた…ヤバすぎるだろこの色気…😳大人の雰囲気が半端ない！他の人には絶対見せられない…背徳感たまらん🔥

#ハーレム #PR
https://al.dmm.co.jp/?lurl=https%3A%2F%2Fbook.dmm.co.jp%2Fproduct%2F733215%2Fb164aisis05295%2F&af_id=kntbouzu777-001&ch=toolbar&ch_id=link
2025-05-27 03:57:52,039 - INFO - 投稿履歴を保存しました
2025-05-27 03:57:52,039 - INFO - 投稿処理が完了しました
2025-05-27 12:20:38,320 - INFO - すべての必須環境変数が設定されています。処理を続行します。
2025-05-27 12:20:38,320 - INFO - X（Twitter）への投稿処理を開始します
2025-05-27 12:20:38,351 - INFO - アフィリエイトURLのパラメータを置換しました（環境変数使用）
2025-05-27 12:20:38,744 - INFO - 投稿に成功しました！ Tweet ID: 1927339159330386387
2025-05-27 12:20:38,744 - INFO - 投稿内容: ヤバイ…人妻の好奇心フルカラーだって？！めっちゃ背徳感あってヤバすぎ…これ誰だよ買ったやつ羨ましすぎるだろ😳🔥

#漫画 #PR
https://al.dmm.co.jp/?lurl=https%3A%2F%2Fbook.dmm.co.jp%2Fproduct%2F6130086%2Fb064bcmcm02919%2F&af_id=kntbouzu777-001&ch=toolbar&ch_id=link
2025-05-27 12:20:38,745 - INFO - 投稿履歴を保存しました
2025-05-27 12:20:38,745 - INFO - 投稿処理が完了しました
2025-05-27 14:43:58,628 - INFO - すべての必須環境変数が設定されています。処理を続行します。
2025-05-27 14:43:58,629 - INFO - X（Twitter）への投稿処理を開始します
2025-05-27 14:43:58,663 - INFO - アフィリエイトURLのパラメータを置換しました（環境変数使用）
2025-05-27 14:43:59,048 - INFO - 投稿に成功しました！ Tweet ID: 1927375231821152346
2025-05-27 14:43:59,048 - INFO - 投稿内容: ヤバ…人妻の履歴書がフルカラーで再登場！？  こんなの見たら背徳感で頭おかしくなっちゃう…欲しすぎてヤバイ！😳🔥

#ドキドキ #PR
https://al.dmm.co.jp/?lurl=https%3A%2F%2Fbook.dmm.co.jp%2Fproduct%2F6130085%2Fb064bcmcm02918%2F&af_id=kntbouzu777-001&ch=toolbar&ch_id=link
2025-05-27 14:43:59,049 - INFO - 投稿履歴を保存しました
2025-05-27 14:43:59,049 - INFO - 投稿処理が完了しました
2025-05-28 03:56:05,754 - INFO - すべての必須環境変数が設定されています。処理を続行します。
2025-05-28 03:56:05,755 - INFO - X（Twitter）への投稿処理を開始します
2025-05-28 03:56:05,791 - INFO - アフィリエイトURLのパラメータを置換しました（環境変数使用）
2025-05-28 03:56:06,070 - INFO - 投稿に成功しました！ Tweet ID: 1927574574801072531
2025-05-28 03:56:06,070 - INFO - 投稿内容: 母娘どんぶり…ヤバすぎる😳 たつやさんのエロチカコレクション、背徳感マックスで羨ましすぎる…！ でこのクオリティ、神✨

#濡れる #PR
https://al.dmm.co.jp/?lurl=https%3A%2F%2Fbook.dmm.co.jp%2Fproduct%2F6131618%2Fs734amlke00151%2F&af_id=kntbouzu777-001&ch=toolbar&ch_id=link
2025-05-28 03:56:06,072 - INFO - 投稿履歴を保存しました
2025-05-28 03:56:06,072 - INFO - 投稿処理が完了しました
2025-05-28 12:20:52,552 - INFO - すべての必須環境変数が設定されています。処理を続行します。
2025-05-28 12:20:52,552 - INFO - X（Twitter）への投稿処理を開始します
2025-05-28 12:20:52,554 - WARNING - 過去7日以内に同じタイトルの投稿があります: Web配信月刊隣の気になる奥さん vol.097
2025-05-28 12:20:52,554 - WARNING - 過去7日以内に同じタイトルの投稿があるため、処理を中止します
2025-05-28 14:45:34,514 - INFO - すべての必須環境変数が設定されています。処理を続行します。
2025-05-28 14:45:34,514 - INFO - X（Twitter）への投稿処理を開始します
2025-05-28 14:45:34,516 - WARNING - 過去7日以内に同じタイトルの投稿があります: Web配信月刊隣の気になる奥さん vol.097
2025-05-28 14:45:34,516 - WARNING - 過去7日以内に同じタイトルの投稿があるため、処理を中止します
2025-05-29 03:57:07,740 - INFO - すべての必須環境変数が設定されています。処理を続行します。
2025-05-29 03:57:07,740 - INFO - X（Twitter）への投稿処理を開始します
2025-05-29 03:57:07,742 - WARNING - 過去7日以内に同じタイトルの投稿があります: Web配信月刊隣の気になる奥さん vol.097
2025-05-29 03:57:07,742 - WARNING - 過去7日以内に同じタイトルの投稿があるため、処理を中止します
2025-05-29 12:20:03,391 - INFO - すべての必須環境変数が設定されています。処理を続行します。
2025-05-29 12:20:03,392 - INFO - X（Twitter）への投稿処理を開始します
2025-05-29 12:20:03,425 - INFO - アフィリエイトURLのパラメータを置換しました（環境変数使用）
2025-05-29 12:20:03,641 - INFO - 投稿に成功しました！ Tweet ID: 1928063788453945555
2025-05-29 12:20:03,641 - INFO - 投稿内容: 背徳感すごいのに目が離せない…こんなの反則だろ🔥…！

#大人の時間 #PR
https://al.dmm.co.jp/?lurl=https%3A%2F%2Fbook.dmm.co.jp%2Fproduct%2F6129510%2Fb164aisis05293%2F&af_id=kntbouzu777-001&ch=toolbar&ch_id=link
2025-05-29 12:20:03,642 - INFO - 投稿履歴を保存しました
2025-05-29 12:20:03,642 - INFO - 投稿処理が完了しました
2025-05-29 14:42:43,585 - INFO - すべての必須環境変数が設定されています。処理を続行します。
2025-05-29 14:42:43,585 - INFO - X（Twitter）への投稿処理を開始します
2025-05-29 14:42:43,611 - INFO - アフィリエイトURLのパラメータを置換しました（環境変数使用）
2025-05-29 14:42:43,927 - INFO - 投稿に成功しました！ Tweet ID: 1928099692845617201
2025-05-29 14:42:43,927 - INFO - 投稿内容: 今朝コミアン115届いた…ギガ盛り付録のエロさに悶絶してるわ… ポスターDVDとか準備運動なしで即堕ち案件じゃん…😱💦 みんな即買い必須のヤバさ！！

#漫画 #PR
https://al.dmm.co.jp/?lurl=https%3A%2F%2Fbook.dmm.co.jp%2Fproduct%2F11964%2Fb073bktcm06760%2F&af_id=kntbouzu777-001&ch=toolbar&ch_id=link
2025-05-29 14:42:43,928 - INFO - 投稿履歴を保存しました
2025-05-29 14:42:43,928 - INFO - 投稿処理が完了しました
2025-05-30 03:54:59,617 - INFO - すべての必須環境変数が設定されています。処理を続行します。
2025-05-30 03:54:59,617 - INFO - X（Twitter）への投稿処理を開始します
2025-05-30 03:54:59,645 - INFO - アフィリエイトURLのパラメータを置換しました（環境変数使用）
2025-05-30 03:54:59,884 - INFO - 投稿に成功しました！ Tweet ID: 1928299073099964597
2025-05-30 03:54:59,884 - INFO - 投稿内容: ヤバ…これ俺の理想すぎるだろ！何でもしてくれるおばさんとか背徳感ヤバいし羨ましすぎ…😳 電子版あるの神🔥

#エロマンガ #PR
https://al.dmm.co.jp/?lurl=https%3A%2F%2Fbook.dmm.co.jp%2Fproduct%2F6133078%2Fb390bleed04620%2F&af_id=kntbouzu777-001&ch=toolbar&ch_id=link
2025-05-30 03:54:59,885 - INFO - 投稿履歴を保存しました
2025-05-30 03:54:59,885 - INFO - 投稿処理が完了しました
2025-05-30 12:19:40,839 - INFO - すべての必須環境変数が設定されています。処理を続行します。
2025-05-30 12:19:40,839 - INFO - X（Twitter）への投稿処理を開始します
2025-05-30 12:19:40,869 - INFO - アフィリエイトURLのパラメータを置換しました（環境変数使用）
2025-05-30 12:19:41,062 - INFO - 投稿に成功しました！ Tweet ID: 1928426081645678997
2025-05-30 12:19:41,062 - INFO - 投稿内容: 無口な同期の裏の顔が肉食系って…ヤバすぎる😳 背徳感ハンパない！羨ましすぎて泣けるw #無修正

#妄想 #PR
https://al.dmm.co.jp/?lurl=https%3A%2F%2Fbook.dmm.co.jp%2Fproduct%2F6131031%2Fk804annbn14356%2F&af_id=kntbouzu777-001&ch=toolbar&ch_id=link
2025-05-30 12:19:41,064 - INFO - 投稿履歴を保存しました
2025-05-30 12:19:41,064 - INFO - 投稿処理が完了しました
2025-05-30 14:43:24,681 - INFO - すべての必須環境変数が設定されています。処理を続行します。
2025-05-30 14:43:24,681 - INFO - X（Twitter）への投稿処理を開始します
2025-05-30 14:43:24,802 - INFO - アフィリエイトURLのパラメータを置換しました（環境変数使用）
2025-05-30 14:43:25,024 - INFO - 投稿に成功しました！ Tweet ID: 1928462253134619064
2025-05-30 14:43:25,024 - INFO - 投稿内容: aterra背徳感ヤバい…肉便器の高守さん、デジタル版で手に入れた！羨ましいだろ？w 1でこのクオリティ…最高すぎる😳🔥

#ハーレム #PR
https://al.dmm.co.jp/?lurl=https%3A%2F%2Fbook.dmm.co.jp%2Fproduct%2F6130868%2Fk568agotp09669%2F&af_id=kntbouzu777-001&ch=toolbar&ch_id=link
2025-05-30 14:43:25,026 - INFO - 投稿履歴を保存しました
2025-05-30 14:43:25,026 - INFO - 投稿処理が完了しました
2025-05-31 10:43:57,192 - INFO - すべての必須環境変数が設定されています。処理を続行します。
2025-05-31 10:43:57,192 - INFO - X（Twitter）への投稿処理を開始します
2025-05-31 10:43:57,219 - INFO - アフィリエイトURLのパラメータを置換しました（環境変数使用）
2025-05-31 10:43:57,421 - INFO - 投稿に成功しました！ Tweet ID: 1928764378939007092
2025-05-31 10:43:57,421 - INFO - 投稿内容: ヤバすぎ…ギャル初恋モノとか自分悶絶必至😱　背徳感たまらん…即DLしたわ絶対ハマるやつ🔥羨ましすぎるだろ…！

#コミック #PR
https://al.dmm.co.jp/?lurl=https%3A%2F%2Fbook.dmm.co.jp%2Fproduct%2F6130484%2Fb064bcmcm02922%2F&af_id=kntbouzu777-001&ch=toolbar&ch_id=link
2025-05-31 10:43:57,422 - INFO - 投稿履歴を保存しました
2025-05-31 10:43:57,422 - INFO - 投稿処理が完了しました
2025-05-31 15:18:06,597 - INFO - すべての必須環境変数が設定されています。処理を続行します。
2025-05-31 15:18:06,597 - INFO - X（Twitter）への投稿処理を開始します
2025-05-31 15:18:06,624 - INFO - アフィリエイトURLのパラメータを置換しました（環境変数使用）
2025-05-31 15:18:06,874 - INFO - 投稿に成功しました！ Tweet ID: 1928833372849320018
2025-05-31 15:18:06,874 - INFO - 投稿内容: これ…ヤバすぎる…！背徳感バリバリのタイトルで興奮が止まんねぇ😳 1でこれは買いだろ…絶対羨ましがられる🔥

#コミック #PR
https://al.dmm.co.jp/?lurl=https%3A%2F%2Fbook.dmm.co.jp%2Fproduct%2F6130486%2Fb064bcmcm02923%2F&af_id=kntbouzu777-001&ch=toolbar&ch_id=link
2025-05-31 15:18:06,876 - INFO - 投稿履歴を保存しました
2025-05-31 15:18:06,876 - INFO - 投稿処理が完了しました
2025-05-31 17:16:50,267 - INFO - すべての必須環境変数が設定されています。処理を続行します。
2025-05-31 17:16:50,268 - INFO - X（Twitter）への投稿処理を開始します
2025-05-31 17:16:50,294 - INFO - アフィリエイトURLのパラメータを置換しました（環境変数使用）
2025-05-31 17:16:50,508 - INFO - 投稿に成功しました！ Tweet ID: 1928863251648909518
2025-05-31 17:16:50,509 - INFO - 投稿内容: ヤバすぎ…たちんぼモザイク版きた！😳 背徳感ハンパない…でこれとかマジ羨ましすぎだろ…🔥 即買い決定！！

#電子書籍 #PR
https://al.dmm.co.jp/?lurl=https%3A%2F%2Fbook.dmm.co.jp%2Fproduct%2F6130805%2Fs645asmmi00506%2F&af_id=kntbouzu777-001&ch=toolbar&ch_id=link
2025-05-31 17:16:50,510 - INFO - 投稿履歴を保存しました
2025-05-31 17:16:50,510 - INFO - 投稿処理が完了しました
2025-06-01 10:44:57,913 - INFO - すべての必須環境変数が設定されています。処理を続行します。
2025-06-01 10:44:57,913 - INFO - X（Twitter）への投稿処理を開始します
2025-06-01 10:44:57,940 - INFO - アフィリエイトURLのパラメータを置換しました（環境変数使用）
2025-06-01 10:44:58,153 - INFO - 投稿に成功しました！ Tweet ID: 1929127021516316869
2025-06-01 10:44:58,153 - INFO - 投稿内容: ヤバっ…ナユタユタの特装版きた！😍 エロすぎてコードレスの充電が切れそう…羨ましすぎるだろ、これw💦 #背徳感

#TL #PR
https://al.dmm.co.jp/?lurl=https%3A%2F%2Fbook.dmm.co.jp%2Fproduct%2F6128075%2Fb182asnw02092%2F&af_id=kntbouzu777-001&ch=toolbar&ch_id=link
2025-06-01 10:44:58,155 - INFO - 投稿履歴を保存しました
2025-06-01 10:44:58,155 - INFO - 投稿処理が完了しました
2025-06-01 15:18:28,266 - INFO - すべての必須環境変数が設定されています。処理を続行します。
2025-06-01 15:18:28,266 - INFO - X（Twitter）への投稿処理を開始します
2025-06-01 15:18:28,293 - INFO - アフィリエイトURLのパラメータを置換しました（環境変数使用）
2025-06-01 15:18:28,498 - INFO - 投稿に成功しました！ Tweet ID: 1929195851487858869
2025-06-01 15:18:28,498 - INFO - 投稿内容: うわっ…無防備JDとのルームシェアなんてヤバすぎるんだが！？ぺろぺろ許可されたらもう理性崩壊確実やん…😳💦背徳感たまらん…！

#美少女 #PR
https://al.dmm.co.jp/?lurl=https%3A%2F%2Fbook.dmm.co.jp%2Fproduct%2F6098613%2Fb417abevy03901%2F&af_id=kntbouzu777-001&ch=toolbar&ch_id=link
2025-06-01 15:18:28,500 - INFO - 投稿履歴を保存しました
2025-06-01 15:18:28,500 - INFO - 投稿処理が完了しました
2025-06-01 17:17:49,478 - INFO - すべての必須環境変数が設定されています。処理を続行します。
2025-06-01 17:17:49,478 - INFO - X（Twitter）への投稿処理を開始します
2025-06-01 17:17:49,505 - INFO - アフィリエイトURLのパラメータを置換しました（環境変数使用）
2025-06-01 17:17:49,748 - INFO - 投稿に成功しました！ Tweet ID: 1929225887964078324
2025-06-01 17:17:49,748 - INFO - 投稿内容: 帰宅したらJKがアレで寝てた…ヤバすぎる😳 もう我慢できんw 背徳感マックスで羨ましいだろ！🔥

#美少女 #PR
https://al.dmm.co.jp/?lurl=https%3A%2F%2Fbook.dmm.co.jp%2Fproduct%2F6098612%2Fb417abevy03903%2F&af_id=kntbouzu777-001&ch=toolbar&ch_id=link
2025-06-01 17:17:49,750 - INFO - 投稿履歴を保存しました
2025-06-01 17:17:49,750 - INFO - 投稿処理が完了しました
2025-06-02 04:03:43,967 - INFO - すべての必須環境変数が設定されています。処理を続行します。
2025-06-02 04:03:43,967 - INFO - X（Twitter）への投稿処理を開始します
2025-06-02 04:03:43,993 - INFO - アフィリエイトURLのパラメータを置換しました（環境変数使用）
2025-06-02 04:03:44,208 - INFO - 投稿に成功しました！ Tweet ID: 1929388435925782841
2025-06-02 04:03:44,208 - INFO - 投稿内容: ヤバ…TSなのにエロすぎて震える…！童貞なのに女の子になってハメまくる展開ヤバイ😳背徳感マックスでめっちゃ羨ましい…！即DL決定🔥

#官能 #PR
https://al.dmm.co.jp/?lurl=https%3A%2F%2Fbook.dmm.co.jp%2Fproduct%2F6129010%2Fb079akroe01519%2F&af_id=kntbouzu777-001&ch=toolbar&ch_id=link
2025-06-02 04:03:44,209 - INFO - 投稿履歴を保存しました
2025-06-02 04:03:44,210 - INFO - 投稿処理が完了しました
2025-06-02 12:20:56,448 - INFO - すべての必須環境変数が設定されています。処理を続行します。
2025-06-02 12:20:56,448 - INFO - X（Twitter）への投稿処理を開始します
2025-06-02 12:20:56,475 - INFO - アフィリエイトURLのパラメータを置換しました（環境変数使用）
2025-06-02 12:20:56,675 - INFO - 投稿に成功しました！ Tweet ID: 1929513562382471261
2025-06-02 12:20:56,675 - INFO - 投稿内容: えっ…このイラストやばすぎない？😳 ナユタユタの新作に悶えそう…背徳感ハンパなくてこっちが恥ずかしくなるレベル🔥 1って安すぎだろ…羨ましすぎ！！

#電子書籍 #PR
https://al.dmm.co.jp/?lurl=https%3A%2F%2Fbook.dmm.co.jp%2Fproduct%2F6128076%2Fb182asnw02093%2F&af_id=kntbouzu777-001&ch=toolbar&ch_id=link
2025-06-02 12:20:56,677 - INFO - 投稿履歴を保存しました
2025-06-02 12:20:56,677 - INFO - 投稿処理が完了しました
2025-06-02 14:44:38,542 - INFO - すべての必須環境変数が設定されています。処理を続行します。
2025-06-02 14:44:38,542 - INFO - X（Twitter）への投稿処理を開始します
2025-06-02 14:44:38,544 - WARNING - 過去7日以内に同じタイトルの投稿があります: ぺろぺろ…していいよ？〜無防備なムッチリJDとゼロ距離ルームシェア【フルカラー】【合本版】
2025-06-02 14:44:38,544 - WARNING - 過去7日以内に同じタイトルの投稿があるため、処理を中止します
2025-06-03 03:58:54,010 - INFO - すべての必須環境変数が設定されています。処理を続行します。
2025-06-03 03:58:54,011 - INFO - X（Twitter）への投稿処理を開始します
2025-06-03 03:58:54,037 - INFO - アフィリエイトURLのパラメータを置換しました（環境変数使用）
2025-06-03 03:58:54,352 - INFO - 投稿に成功しました！ Tweet ID: 1929749608022036985
2025-06-03 03:58:54,352 - INFO - 投稿内容: 俺この表紙ヤバすぎ…😳　コレクション70巻とかマジで羨ましすぎるだろw　大人の時間が止まらなくなる…！🔥

#大人の時間 #PR
https://al.dmm.co.jp/?lurl=https%3A%2F%2Fbook.dmm.co.jp%2Fproduct%2F767557%2Fb472abnen03271%2F&af_id=kntbouzu777-001&ch=toolbar&ch_id=link
2025-06-03 03:58:54,354 - INFO - 投稿履歴を保存しました
2025-06-03 03:58:54,354 - INFO - 投稿処理が完了しました
2025-06-03 12:20:51,325 - INFO - すべての必須環境変数が設定されています。処理を続行します。
2025-06-03 12:20:51,325 - INFO - X（Twitter）への投稿処理を開始します
2025-06-03 12:20:51,359 - INFO - アフィリエイトURLのパラメータを置換しました（環境変数使用）
2025-06-03 12:20:51,580 - INFO - 投稿に成功しました！ Tweet ID: 1929875928856789461
2025-06-03 12:20:51,580 - INFO - 投稿内容: 媚薬漬けのヒロイン…ヤバすぎるだろ！背徳感がすごい！羨ましすぎて泣ける…😳🔥

#電子書籍 #PR
https://al.dmm.co.jp/?lurl=https%3A%2F%2Fbook.dmm.co.jp%2Fproduct%2F6129011%2Fb079akroe01523%2F&af_id=kntbouzu777-001&ch=toolbar&ch_id=link
2025-06-03 12:20:51,581 - INFO - 投稿履歴を保存しました
2025-06-03 12:20:51,582 - INFO - 投稿処理が完了しました
2025-06-03 14:47:02,201 - INFO - すべての必須環境変数が設定されています。処理を続行します。
2025-06-03 14:47:02,201 - INFO - X（Twitter）への投稿処理を開始します
2025-06-03 14:47:02,202 - WARNING - 過去7日以内に同じタイトルの投稿があります: TS更『性』記 -童貞ですが突然女の子になったのでハメまくります-
2025-06-03 14:47:02,202 - WARNING - 過去7日以内に同じタイトルの投稿があるため、処理を中止します
2025-06-04 03:59:06,631 - INFO - すべての必須環境変数が設定されています。処理を続行します。
2025-06-04 03:59:06,632 - INFO - X（Twitter）への投稿処理を開始します
2025-06-04 03:59:06,633 - WARNING - 過去7日以内に同じタイトルの投稿があります: ナユタユタ！
2025-06-04 03:59:06,634 - WARNING - 過去7日以内に同じタイトルの投稿があるため、処理を中止します
2025-06-04 12:20:49,624 - INFO - すべての必須環境変数が設定されています。処理を続行します。
2025-06-04 12:20:49,624 - INFO - X（Twitter）への投稿処理を開始します
2025-06-04 12:20:49,626 - WARNING - 過去7日以内に同じタイトルの投稿があります: ぺろぺろ…していいよ？〜無防備なムッチリJDとゼロ距離ルームシェア【フルカラー】【合本版】
2025-06-04 12:20:49,626 - WARNING - 過去7日以内に同じタイトルの投稿があるため、処理を中止します
2025-06-04 15:05:38,972 - INFO - すべての必須環境変数が設定されています。処理を続行します。
2025-06-04 15:05:38,972 - INFO - X（Twitter）への投稿処理を開始します
2025-06-04 15:05:38,974 - WARNING - 過去7日以内に同じタイトルの投稿があります: 帰ったら居候JKがア○コ丸出しで寝てたので…〜我慢できないラブハメH【合本版】
2025-06-04 15:05:38,975 - WARNING - 過去7日以内に同じタイトルの投稿があるため、処理を中止します
2025-06-05 04:03:53,197 - INFO - すべての必須環境変数が設定されています。処理を続行します。
2025-06-05 04:03:53,197 - INFO - X（Twitter）への投稿処理を開始します
2025-06-05 04:03:53,199 - WARNING - 過去7日以内に同じタイトルの投稿があります: 帰ったら居候JKがア○コ丸出しで寝てたので…〜我慢できないラブハメH【合本版】
2025-06-05 04:03:53,199 - WARNING - 過去7日以内に同じタイトルの投稿があるため、処理を中止します
2025-06-05 12:28:12,282 - INFO - すべての必須環境変数が設定されています。処理を続行します。
2025-06-05 12:28:12,283 - INFO - X（Twitter）への投稿処理を開始します
2025-06-05 12:28:12,311 - INFO - アフィリエイトURLのパラメータを置換しました（環境変数使用）
2025-06-05 12:28:12,542 - INFO - 投稿に成功しました！ Tweet ID: 1930602554083193165
2025-06-05 12:28:12,542 - INFO - 投稿内容: ](../images/thumb/0/0a/Shinnyu_inbaku_jo_sousakan.jpg/300px-Shinnyu_inbaku_jo_sousakan.jpg) 潜入！淫縛女捜査官 潜入！淫縛女捜査官（しんにゅう！いん…😳

#電子書籍 #PR
https://al.dmm.co.jp/?lurl=https%3A%2F%2Fbook.dmm.co.jp%2Fproduct%2F6136019%2Fb120ahit02221%2F&af_id=kntbouzu777-001&ch=toolbar&ch_id=link
2025-06-05 12:28:12,544 - INFO - 投稿履歴を保存しました
2025-06-05 12:28:12,544 - INFO - 投稿処理が完了しました
2025-06-05 14:47:07,771 - INFO - すべての必須環境変数が設定されています。処理を続行します。
2025-06-05 14:47:07,771 - INFO - X（Twitter）への投稿処理を開始します
2025-06-05 14:47:07,798 - INFO - アフィリエイトURLのパラメータを置換しました（環境変数使用）
2025-06-05 14:47:08,015 - INFO - 投稿に成功しました！ Tweet ID: 1930637515632886146
2025-06-05 14:47:08,015 - INFO - 投稿内容: これ見た？マジで出ちゃってる…😳 背徳感ヤバすぎて目が離せない！羨ましすぎるだろ〜🔥 即ポチしたわw

#人気 #PR
https://al.dmm.co.jp/?lurl=https%3A%2F%2Fbook.dmm.co.jp%2Fproduct%2F6139494%2Fs046agnss00669%2F&af_id=kntbouzu777-001&ch=toolbar&ch_id=link
2025-06-05 14:47:08,017 - INFO - 投稿履歴を保存しました
2025-06-05 14:47:08,017 - INFO - 投稿処理が完了しました
2025-06-06 03:58:35,829 - INFO - すべての必須環境変数が設定されています。処理を続行します。
2025-06-06 03:58:35,829 - INFO - X（Twitter）への投稿処理を開始します
2025-06-06 03:58:35,863 - INFO - アフィリエイトURLのパラメータを置換しました（環境変数使用）
2025-06-06 03:58:36,141 - INFO - 投稿に成功しました！ Tweet ID: 1930836695257100543
2025-06-06 03:58:36,141 - INFO - 投稿内容: ヤバすぎ…でかちんぽ総集編が白抜きで登場！？🥵 これ見たら絶対我慢できない…背徳感マックスでヤバいわ🔥 早く買わなきゃ！

#GL #PR
https://al.dmm.co.jp/?lurl=https%3A%2F%2Fbook.dmm.co.jp%2Fproduct%2F6134921%2Fk804annbn14461%2F&af_id=kntbouzu777-001&ch=toolbar&ch_id=link
2025-06-06 03:58:36,143 - INFO - 投稿履歴を保存しました
2025-06-06 03:58:36,144 - INFO - 投稿処理が完了しました
2025-06-06 12:20:09,512 - INFO - すべての必須環境変数が設定されています。処理を続行します。
2025-06-06 12:20:09,512 - INFO - X（Twitter）への投稿処理を開始します
2025-06-06 12:20:09,559 - INFO - アフィリエイトURLのパラメータを置換しました（環境変数使用）
2025-06-06 12:20:09,780 - INFO - 投稿に成功しました！ Tweet ID: 1930962917165347179
2025-06-06 12:20:09,780 - INFO - 投稿内容: 無人島でまさかのハーレム展開…！非モテの俺がまさかこんな事になるなんて…女子たちに求められすぎてヤバすぎる😳 背徳感バリバリで羨ましすぎるだろ！！🔥

#ハーレム #PR
https://al.dmm.co.jp/?lurl=https%3A%2F%2Fbook.dmm.co.jp%2Fproduct%2F6134920%2Fk804annbn14597%2F&af_id=kntbouzu777-001&ch=toolbar&ch_id=link
2025-06-06 12:20:09,781 - INFO - 投稿履歴を保存しました
2025-06-06 12:20:09,781 - INFO - 投稿処理が完了しました
2025-06-06 14:40:55,875 - INFO - すべての必須環境変数が設定されています。処理を続行します。
2025-06-06 14:40:55,875 - INFO - X（Twitter）への投稿処理を開始します
2025-06-06 14:40:55,903 - INFO - アフィリエイトURLのパラメータを置換しました（環境変数使用）
2025-06-06 14:40:56,110 - INFO - 投稿に成功しました！ Tweet ID: 1930998343670313313
2025-06-06 14:40:56,110 - INFO - 投稿内容: これ調教三連発でワンチャンあるやつ…！背徳感ヤバすぎて俺の理性ぶっ飛んだわ😳 も安すぎて羨ましいだろ！🔥

#おすすめ #PR
https://al.dmm.co.jp/?lurl=https%3A%2F%2Fbook.dmm.co.jp%2Fproduct%2F6130871%2Fb104atint02282%2F&af_id=kntbouzu777-001&ch=toolbar&ch_id=link
2025-06-06 14:40:56,111 - INFO - 投稿履歴を保存しました
2025-06-06 14:40:56,111 - INFO - 投稿処理が完了しました
2025-06-07 10:46:33,232 - INFO - すべての必須環境変数が設定されています。処理を続行します。
2025-06-07 10:46:33,232 - INFO - X（Twitter）への投稿処理を開始します
2025-06-07 10:46:33,285 - INFO - アフィリエイトURLのパラメータを置換しました（環境変数使用）
2025-06-07 10:46:33,475 - INFO - 投稿に成功しました！ Tweet ID: 1931301748531998744
2025-06-07 10:46:33,476 - INFO - 投稿内容: 羨ましすぎ…先生と秘密の夏休みなんてヤバすぎるやろ…😳 1でこの背徳感…マジで買いだわ…🔥 ※60字丁度

#背徳感 #PR
https://al.dmm.co.jp/?lurl=https%3A%2F%2Fbook.dmm.co.jp%2Fproduct%2F6136555%2Fs246asnph02537%2F&af_id=kntbouzu777-001&ch=toolbar&ch_id=link
2025-06-07 10:46:33,477 - INFO - 投稿履歴を保存しました
2025-06-07 10:46:33,477 - INFO - 投稿処理が完了しました
2025-06-07 15:18:48,717 - INFO - すべての必須環境変数が設定されています。処理を続行します。
2025-06-07 15:18:48,717 - INFO - X（Twitter）への投稿処理を開始します
2025-06-07 15:18:48,743 - INFO - アフィリエイトURLのパラメータを置換しました（環境変数使用）
2025-06-07 15:18:48,960 - INFO - 投稿に成功しました！ Tweet ID: 1931370264463372562
2025-06-07 15:18:48,960 - INFO - 投稿内容: 先生と2人きりの夏休み…ヤバすぎる展開でめっちゃ背徳感ある😳 限定版とか羨ましすぎるだろ…！即購入しよ🔥

#背徳感 #PR
https://al.dmm.co.jp/?lurl=https%3A%2F%2Fbook.dmm.co.jp%2Fproduct%2F6136554%2Fs246asnph02539%2F&af_id=kntbouzu777-001&ch=toolbar&ch_id=link
2025-06-07 15:18:48,962 - INFO - 投稿履歴を保存しました
2025-06-07 15:18:48,962 - INFO - 投稿処理が完了しました
2025-06-07 17:17:04,008 - INFO - すべての必須環境変数が設定されています。処理を続行します。
2025-06-07 17:17:04,008 - INFO - X（Twitter）への投稿処理を開始します
2025-06-07 17:17:04,056 - INFO - アフィリエイトURLのパラメータを置換しました（環境変数使用）
2025-06-07 17:17:04,309 - INFO - 投稿に成功しました！ Tweet ID: 1931400024568603040
2025-06-07 17:17:04,309 - INFO - 投稿内容: ヤバっ…完璧彼女がどスケベ姿で…！😳これ見たら絶対羨ましくなっちゃう…モザイク版なのに背徳感ヤバイ🔥

#エロ漫画 #PR
https://al.dmm.co.jp/?lurl=https%3A%2F%2Fbook.dmm.co.jp%2Fproduct%2F6136025%2Fs594allud01256%2F&af_id=kntbouzu777-001&ch=toolbar&ch_id=link
2025-06-07 17:17:04,311 - INFO - 投稿履歴を保存しました
2025-06-07 17:17:04,311 - INFO - 投稿処理が完了しました
2025-06-08 10:44:43,447 - INFO - すべての必須環境変数が設定されています。処理を続行します。
2025-06-08 10:44:43,447 - INFO - X（Twitter）への投稿処理を開始します
2025-06-08 10:44:43,474 - INFO - アフィリエイトURLのパラメータを置換しました（環境変数使用）
2025-06-08 10:44:43,673 - INFO - 投稿に成功しました！ Tweet ID: 1931663675858800770
2025-06-08 10:44:43,673 - INFO - 投稿内容: ヤバすぎ…陰キャと秘密のSEXとか背徳感ヤバいんだけど！？羨ましすぎて震える…絶対バレたくないシチュ最高すぎ😈🔥

#成人向け #PR
https://al.dmm.co.jp/?lurl=https%3A%2F%2Fbook.dmm.co.jp%2Fproduct%2F6136557%2Fs246asnph02534%2F&af_id=kntbouzu777-001&ch=toolbar&ch_id=link
2025-06-08 10:44:43,674 - INFO - 投稿履歴を保存しました
2025-06-08 10:44:43,674 - INFO - 投稿処理が完了しました
2025-06-08 15:20:01,077 - INFO - すべての必須環境変数が設定されています。処理を続行します。
2025-06-08 15:20:01,077 - INFO - X（Twitter）への投稿処理を開始します
2025-06-08 15:20:01,103 - INFO - アフィリエイトURLのパラメータを置換しました（環境変数使用）
2025-06-08 15:20:01,319 - INFO - 投稿に成功しました！ Tweet ID: 1931732955879424100
2025-06-08 15:20:01,319 - INFO - 投稿内容: 俺これ見た瞬間ガクブル…バレなきゃいいって思う時点で既に背徳感ヤバすぎ！陰キャニートとエッチなんて羨ましすぎだろ…即買い決定😳🔥

#おすすめ #PR
https://al.dmm.co.jp/?lurl=https%3A%2F%2Fbook.dmm.co.jp%2Fproduct%2F6136556%2Fs246asnph02536%2F&af_id=kntbouzu777-001&ch=toolbar&ch_id=link
2025-06-08 15:20:01,321 - INFO - 投稿履歴を保存しました
2025-06-08 15:20:01,321 - INFO - 投稿処理が完了しました
2025-06-08 17:17:01,058 - INFO - すべての必須環境変数が設定されています。処理を続行します。
2025-06-08 17:17:01,058 - INFO - X（Twitter）への投稿処理を開始します
2025-06-08 17:17:01,059 - WARNING - 過去7日以内に同じタイトルの投稿があります: 俺と先生の夏休み
2025-06-08 17:17:01,060 - WARNING - 過去7日以内に同じタイトルの投稿があるため、処理を中止します
2025-06-09 04:04:45,540 - INFO - すべての必須環境変数が設定されています。処理を続行します。
2025-06-09 04:04:45,540 - INFO - X（Twitter）への投稿処理を開始します
2025-06-09 04:04:45,542 - WARNING - 過去7日以内に同じタイトルの投稿があります: 俺と先生の夏休み
2025-06-09 04:04:45,542 - WARNING - 過去7日以内に同じタイトルの投稿があるため、処理を中止します
2025-06-09 12:20:38,676 - INFO - すべての必須環境変数が設定されています。処理を続行します。
2025-06-09 12:20:38,676 - INFO - X（Twitter）への投稿処理を開始します
2025-06-09 12:20:38,678 - WARNING - 過去7日以内に同じタイトルの投稿があります: 完璧カノジョのどすけべ本性 モザイク版
2025-06-09 12:20:38,678 - WARNING - 過去7日以内に同じタイトルの投稿があるため、処理を中止します
2025-06-09 14:44:29,609 - INFO - すべての必須環境変数が設定されています。処理を続行します。
2025-06-09 14:44:29,609 - INFO - X（Twitter）への投稿処理を開始します
2025-06-09 14:44:29,695 - INFO - アフィリエイトURLのパラメータを置換しました（環境変数使用）
2025-06-09 14:44:29,910 - INFO - 投稿に成功しました！ Tweet ID: 1932086403975860348
2025-06-09 14:44:29,910 - INFO - 投稿内容: やば…領地侵略モザイク版で新作きた！🥵 ってマジ？貴族の背徳感ヤバすぎる…今すぐDLしよ😈❤️

#背徳感 #PR
https://al.dmm.co.jp/?lurl=https%3A%2F%2Fbook.dmm.co.jp%2Fproduct%2F6136024%2Fs594allud01258%2F&af_id=kntbouzu777-001&ch=toolbar&ch_id=link
2025-06-09 14:44:29,912 - INFO - 投稿履歴を保存しました
2025-06-09 14:44:29,912 - INFO - 投稿処理が完了しました
2025-06-10 04:01:11,028 - INFO - すべての必須環境変数が設定されています。処理を続行します。
2025-06-10 04:01:11,028 - INFO - X（Twitter）への投稿処理を開始します
2025-06-10 04:01:11,030 - WARNING - 過去7日以内に同じタイトルの投稿があります: ●●貴族の領地侵略 モザイク版
2025-06-10 04:01:11,030 - WARNING - 過去7日以内に同じタイトルの投稿があるため、処理を中止します
2025-06-10 12:21:22,177 - INFO - すべての必須環境変数が設定されています。処理を続行します。
2025-06-10 12:21:22,177 - INFO - X（Twitter）への投稿処理を開始します
2025-06-10 12:21:22,205 - INFO - アフィリエイトURLのパラメータを置換しました（環境変数使用）
2025-06-10 12:21:22,417 - INFO - 投稿に成功しました！ Tweet ID: 1932412773247361265
2025-06-10 12:21:22,417 - INFO - 投稿内容: ヤバ…グーチョ最新号の発売日じゃん！😍 表紙からして背徳感ヤバすぎて震える…買わずにはいられない！🔥 早く読まなきゃw

#成人向け #PR
https://al.dmm.co.jp/?lurl=https%3A%2F%2Fbook.dmm.co.jp%2Fproduct%2F4066486%2Fs152asikr00235%2F&af_id=kntbouzu777-001&ch=toolbar&ch_id=link
2025-06-10 12:21:22,419 - INFO - 投稿履歴を保存しました
2025-06-10 12:21:22,419 - INFO - 投稿処理が完了しました
2025-06-10 14:44:20,948 - INFO - すべての必須環境変数が設定されています。処理を続行します。
2025-06-10 14:44:20,948 - INFO - X（Twitter）への投稿処理を開始します
2025-06-10 14:44:20,997 - INFO - アフィリエイトURLのパラメータを置換しました（環境変数使用）
2025-06-10 14:44:21,215 - INFO - 投稿に成功しました！ Tweet ID: 1932448755346710823
2025-06-10 14:44:21,215 - INFO - 投稿内容: ヤバっ…BugBug最新号の表紙がエロすぎて即買いしたw コンテンツ濃厚で背徳感ヤバい…これ1は安すぎだろ！😳🔥

#人気 #PR
https://al.dmm.co.jp/?lurl=https%3A%2F%2Fbook.dmm.co.jp%2Fproduct%2F663139%2Fb469adgsk02332%2F&af_id=kntbouzu777-001&ch=toolbar&ch_id=link
2025-06-10 14:44:21,217 - INFO - 投稿履歴を保存しました
2025-06-10 14:44:21,217 - INFO - 投稿処理が完了しました
2025-06-11 04:00:53,662 - INFO - すべての必須環境変数が設定されています。処理を続行します。
2025-06-11 04:00:53,662 - INFO - X（Twitter）への投稿処理を開始します
2025-06-11 04:00:53,721 - INFO - アフィリエイトURLのパラメータを置換しました（環境変数使用）
2025-06-11 04:00:53,903 - INFO - 投稿に成功しました！ Tweet ID: 1932649212472123865
2025-06-11 04:00:53,903 - INFO - 投稿内容: この新装版ヤバすぎ…母子の濃厚な世界にどハマりしそう😳 背徳感たまんねー！でこんな神コンテンツ買えるのかよ羨ましすぎるだろ🔥

#人気 #PR
https://al.dmm.co.jp/?lurl=https%3A%2F%2Fbook.dmm.co.jp%2Fproduct%2F6141284%2Fb800hsbk01588%2F&af_id=kntbouzu777-001&ch=toolbar&ch_id=link
2025-06-11 04:00:53,905 - INFO - 投稿履歴を保存しました
2025-06-11 04:00:53,905 - INFO - 投稿処理が完了しました
2025-06-11 12:21:07,962 - INFO - すべての必須環境変数が設定されています。処理を続行します。
2025-06-11 12:21:07,962 - INFO - X（Twitter）への投稿処理を開始します
2025-06-11 12:21:07,988 - INFO - アフィリエイトURLのパラメータを置換しました（環境変数使用）
2025-06-11 12:21:08,181 - INFO - 投稿に成功しました！ Tweet ID: 1932775101445058780
2025-06-11 12:21:08,181 - INFO - 投稿内容: これ新装版来たのか…！匂いフェチの俺にはたまらん背徳感😳 早く嗅ぎたいけど人前じゃ絶対無理だろw 羨ましすぎるー！🔥

#人気 #PR
https://al.dmm.co.jp/?lurl=https%3A%2F%2Fbook.dmm.co.jp%2Fproduct%2F6141283%2Fb800hsbk01592%2F&af_id=kntbouzu777-001&ch=toolbar&ch_id=link
2025-06-11 12:21:08,183 - INFO - 投稿履歴を保存しました
2025-06-11 12:21:08,183 - INFO - 投稿処理が完了しました
2025-06-11 14:43:36,168 - INFO - すべての必須環境変数が設定されています。処理を続行します。
2025-06-11 14:43:36,168 - INFO - X（Twitter）への投稿処理を開始します
2025-06-11 14:43:36,199 - INFO - アフィリエイトURLのパラメータを置換しました（環境変数使用）
2025-06-11 14:43:36,436 - INFO - 投稿に成功しました！ Tweet ID: 1932810955336962141
2025-06-11 14:43:36,437 - INFO - 投稿内容: おいおい…「オレ様の女」の新装版がとかヤバすぎない？？😳 昔読んだヤツのリニューアル版とか…絶対買いだろこれ！🔥 背徳感ハンパねえ…

#ギャル #PR
https://al.dmm.co.jp/?lurl=https%3A%2F%2Fbook.dmm.co.jp%2Fproduct%2F6141282%2Fb800hsbk01590%2F&af_id=kntbouzu777-001&ch=toolbar&ch_id=link
2025-06-11 14:43:36,438 - INFO - 投稿履歴を保存しました
2025-06-11 14:43:36,438 - INFO - 投稿処理が完了しました
2025-06-12 03:59:35,126 - INFO - すべての必須環境変数が設定されています。処理を続行します。
2025-06-12 03:59:35,126 - INFO - X（Twitter）への投稿処理を開始します
2025-06-12 03:59:35,152 - INFO - アフィリエイトURLのパラメータを置換しました（環境変数使用）
2025-06-12 03:59:35,367 - INFO - 投稿に成功しました！ Tweet ID: 1933011270925758894
2025-06-12 03:59:35,367 - INFO - 投稿内容: ヤバ…新装版で来た！！少女たちの熱い欲情がさらにパワーアップしてんじゃん…😳 この背徳感たまらなすぎる…！は安すぎだろ絶対買い🔥

#TL #PR
https://al.dmm.co.jp/?lurl=https%3A%2F%2Fbook.dmm.co.jp%2Fproduct%2F6141281%2Fb800hsbk01589%2F&af_id=kntbouzu777-001&ch=toolbar&ch_id=link
2025-06-12 03:59:35,369 - INFO - 投稿履歴を保存しました
2025-06-12 03:59:35,369 - INFO - 投稿処理が完了しました
2025-06-12 12:20:17,473 - INFO - すべての必須環境変数が設定されています。処理を続行します。
2025-06-12 12:20:17,473 - INFO - X（Twitter）への投稿処理を開始します
2025-06-12 12:20:17,501 - INFO - アフィリエイトURLのパラメータを置換しました（環境変数使用）
2025-06-12 12:20:17,720 - INFO - 投稿に成功しました！ Tweet ID: 1933137277607174464
2025-06-12 12:20:17,720 - INFO - 投稿内容: 俺の寝取らせ願望に付き合ってくれる彼女が…ヤバすぎるだろ！棒消しVerで余計に背徳感ヤバい…羨ましいだろこれ？😳🔥

#GL #PR
https://al.dmm.co.jp/?lurl=https%3A%2F%2Fbook.dmm.co.jp%2Fproduct%2F6136605%2Fk804annbn14599%2F&af_id=kntbouzu777-001&ch=toolbar&ch_id=link
2025-06-12 12:20:17,722 - INFO - 投稿履歴を保存しました
2025-06-12 12:20:17,722 - INFO - 投稿処理が完了しました
2025-06-12 14:44:22,207 - INFO - すべての必須環境変数が設定されています。処理を続行します。
2025-06-12 14:44:22,207 - INFO - X（Twitter）への投稿処理を開始します
2025-06-12 14:44:22,242 - INFO - アフィリエイトURLのパラメータを置換しました（環境変数使用）
2025-06-12 14:44:22,464 - INFO - 投稿に成功しました！ Tweet ID: 1933173536316703035
2025-06-12 14:44:22,464 - INFO - 投稿内容: ヤバイ…寝取らせ彼女の白消し版とか背徳感ヤバすぎでしょ…😳 羨ましすぎて泣けるわ…俺もほしい…！🔥

#エロマンガ #PR
https://al.dmm.co.jp/?lurl=https%3A%2F%2Fbook.dmm.co.jp%2Fproduct%2F6136604%2Fk804annbn14598%2F&af_id=kntbouzu777-001&ch=toolbar&ch_id=link
2025-06-12 14:44:22,465 - INFO - 投稿履歴を保存しました
2025-06-12 14:44:22,466 - INFO - 投稿処理が完了しました
2025-06-13 04:00:16,765 - INFO - すべての必須環境変数が設定されています。処理を続行します。
2025-06-13 04:00:16,765 - INFO - X（Twitter）への投稿処理を開始します
2025-06-13 04:00:16,791 - INFO - アフィリエイトURLのパラメータを置換しました（環境変数使用）
2025-06-13 04:00:17,003 - INFO - 投稿に成功しました！ Tweet ID: 1933373833379017052
2025-06-13 04:00:17,003 - INFO - 投稿内容: ヤバ…この表紙の天使堕ちる感じめっちゃエグいww 私こんなの見たら絶対堕ちるわ…😈✨ 背徳感たまらん！！！💦

#おすすめ #PR
https://al.dmm.co.jp/?lurl=https%3A%2F%2Fbook.dmm.co.jp%2Fproduct%2F6138210%2Fs540awujz01182%2F&af_id=kntbouzu777-001&ch=toolbar&ch_id=link
2025-06-13 04:00:17,005 - INFO - 投稿履歴を保存しました
2025-06-13 04:00:17,005 - INFO - 投稿処理が完了しました
2025-06-13 12:20:53,313 - INFO - すべての必須環境変数が設定されています。処理を続行します。
2025-06-13 12:20:53,313 - INFO - X（Twitter）への投稿処理を開始します
2025-06-13 12:20:53,339 - INFO - アフィリエイトURLのパラメータを置換しました（環境変数使用）
2025-06-13 12:20:53,551 - INFO - 投稿に成功しました！ Tweet ID: 1933499815804985784
2025-06-13 12:20:53,551 - INFO - 投稿内容: これ叔母さんのポケットからコンドーム出てきた瞬間ヤバすぎ…💦 背徳感バツグンでマジ興奮するだろ😳🔥 でこれ買えるの羨ましい！

#興奮 #PR
https://al.dmm.co.jp/?lurl=https%3A%2F%2Fbook.dmm.co.jp%2Fproduct%2F6130521%2Fb253atato03973%2F&af_id=kntbouzu777-001&ch=toolbar&ch_id=link
2025-06-13 12:20:53,553 - INFO - 投稿履歴を保存しました
2025-06-13 12:20:53,553 - INFO - 投稿処理が完了しました
2025-06-13 14:43:24,053 - INFO - すべての必須環境変数が設定されています。処理を続行します。
2025-06-13 14:43:24,053 - INFO - X（Twitter）への投稿処理を開始します
2025-06-13 14:43:24,079 - INFO - アフィリエイトURLのパラメータを置換しました（環境変数使用）
2025-06-13 14:43:24,394 - INFO - 投稿に成功しました！ Tweet ID: 1933535680552145073
2025-06-13 14:43:24,394 - INFO - 投稿内容: ヤバっ…拗らせた女冒険者がどハマりする宿とか背徳感ハンパない😂 俺も行きたいんだけど…！羨ましすぎて震えるわ🔥😳

#エロマンガ #PR
https://al.dmm.co.jp/?lurl=https%3A%2F%2Fbook.dmm.co.jp%2Fproduct%2F6097246%2Fb381carmc04443%2F&af_id=kntbouzu777-001&ch=toolbar&ch_id=link
2025-06-13 14:43:24,396 - INFO - 投稿履歴を保存しました
2025-06-13 14:43:24,396 - INFO - 投稿処理が完了しました
